[0.190s] DEBUG:colcon:Command line arguments: ['/usr/bin/colcon', 'build', '--symlink-install', '--packages-select', 'mobile_robot_sim']
[0.190s] DEBUG:colcon:Parsed command line arguments: Namespace(log_base=None, log_level=None, verb_name='build', build_base='build', install_base='install', merge_install=False, symlink_install=True, test_result_base=None, continue_on_error=False, executor='parallel', parallel_workers=20, event_handlers=None, ignore_user_meta=False, metas=['./colcon.meta'], base_paths=['.'], packages_ignore=None, packages_ignore_regex=None, paths=None, packages_up_to=None, packages_up_to_regex=None, packages_above=None, packages_above_and_dependencies=None, packages_above_depth=None, packages_select_by_dep=None, packages_skip_by_dep=None, packages_skip_up_to=None, packages_select_build_failed=False, packages_skip_build_finished=False, packages_select_test_failures=False, packages_skip_test_passed=False, packages_select=['mobile_robot_sim'], packages_skip=None, packages_select_regex=None, packages_skip_regex=None, packages_start=None, packages_end=None, allow_overriding=[], cmake_args=None, cmake_target=None, cmake_target_skip_unavailable=False, cmake_clean_cache=False, cmake_clean_first=False, cmake_force_configure=False, ament_cmake_args=None, catkin_cmake_args=None, catkin_skip_building_tests=False, mixin_files=None, mixin=None, verb_parser=<colcon_mixin.mixin.mixin_argument.MixinArgumentDecorator object at 0x7f8d9bc3ea50>, verb_extension=<colcon_core.verb.build.BuildVerb object at 0x7f8d9bc3e7b0>, main=<bound method BuildVerb.main of <colcon_core.verb.build.BuildVerb object at 0x7f8d9bc3e7b0>>, mixin_verb=('build',))
[0.217s] Level 1:colcon.colcon_core.package_discovery:discover_packages(colcon_meta) check parameters
[0.217s] Level 1:colcon.colcon_core.package_discovery:discover_packages(recursive) check parameters
[0.217s] Level 1:colcon.colcon_core.package_discovery:discover_packages(ignore) check parameters
[0.217s] Level 1:colcon.colcon_core.package_discovery:discover_packages(path) check parameters
[0.217s] Level 1:colcon.colcon_core.package_discovery:discover_packages(colcon_meta) discover
[0.217s] Level 1:colcon.colcon_core.package_discovery:discover_packages(recursive) discover
[0.217s] INFO:colcon.colcon_core.package_discovery:Crawling recursively for packages in '/home/zeinazz/design_ws'
[0.217s] Level 1:colcon.colcon_core.package_identification:_identify(.) by extensions ['ignore', 'ignore_ament_install']
[0.217s] Level 1:colcon.colcon_core.package_identification:_identify(.) by extension 'ignore'
[0.217s] Level 1:colcon.colcon_core.package_identification:_identify(.) by extension 'ignore_ament_install'
[0.218s] Level 1:colcon.colcon_core.package_identification:_identify(.) by extensions ['colcon_pkg']
[0.218s] Level 1:colcon.colcon_core.package_identification:_identify(.) by extension 'colcon_pkg'
[0.218s] Level 1:colcon.colcon_core.package_identification:_identify(.) by extensions ['colcon_meta']
[0.218s] Level 1:colcon.colcon_core.package_identification:_identify(.) by extension 'colcon_meta'
[0.218s] Level 1:colcon.colcon_core.package_identification:_identify(.) by extensions ['ros']
[0.218s] Level 1:colcon.colcon_core.package_identification:_identify(.) by extension 'ros'
[0.236s] Level 1:colcon.colcon_core.package_identification:_identify(.) by extensions ['cmake', 'python']
[0.236s] Level 1:colcon.colcon_core.package_identification:_identify(.) by extension 'cmake'
[0.236s] Level 1:colcon.colcon_core.package_identification:_identify(.) by extension 'python'
[0.236s] Level 1:colcon.colcon_core.package_identification:_identify(.) by extensions ['python_setup_py']
[0.236s] Level 1:colcon.colcon_core.package_identification:_identify(.) by extension 'python_setup_py'
[0.236s] Level 1:colcon.colcon_core.package_identification:_identify(build) by extensions ['ignore', 'ignore_ament_install']
[0.237s] Level 1:colcon.colcon_core.package_identification:_identify(build) by extension 'ignore'
[0.237s] Level 1:colcon.colcon_core.package_identification:_identify(build) ignored
[0.237s] Level 1:colcon.colcon_core.package_identification:_identify(home) by extensions ['ignore', 'ignore_ament_install']
[0.237s] Level 1:colcon.colcon_core.package_identification:_identify(home) by extension 'ignore'
[0.237s] Level 1:colcon.colcon_core.package_identification:_identify(home) by extension 'ignore_ament_install'
[0.237s] Level 1:colcon.colcon_core.package_identification:_identify(home) by extensions ['colcon_pkg']
[0.237s] Level 1:colcon.colcon_core.package_identification:_identify(home) by extension 'colcon_pkg'
[0.237s] Level 1:colcon.colcon_core.package_identification:_identify(home) by extensions ['colcon_meta']
[0.237s] Level 1:colcon.colcon_core.package_identification:_identify(home) by extension 'colcon_meta'
[0.237s] Level 1:colcon.colcon_core.package_identification:_identify(home) by extensions ['ros']
[0.237s] Level 1:colcon.colcon_core.package_identification:_identify(home) by extension 'ros'
[0.237s] Level 1:colcon.colcon_core.package_identification:_identify(home) by extensions ['cmake', 'python']
[0.237s] Level 1:colcon.colcon_core.package_identification:_identify(home) by extension 'cmake'
[0.237s] Level 1:colcon.colcon_core.package_identification:_identify(home) by extension 'python'
[0.237s] Level 1:colcon.colcon_core.package_identification:_identify(home) by extensions ['python_setup_py']
[0.237s] Level 1:colcon.colcon_core.package_identification:_identify(home) by extension 'python_setup_py'
[0.237s] Level 1:colcon.colcon_core.package_identification:_identify(home/zeinazz) by extensions ['ignore', 'ignore_ament_install']
[0.237s] Level 1:colcon.colcon_core.package_identification:_identify(home/zeinazz) by extension 'ignore'
[0.237s] Level 1:colcon.colcon_core.package_identification:_identify(home/zeinazz) by extension 'ignore_ament_install'
[0.237s] Level 1:colcon.colcon_core.package_identification:_identify(home/zeinazz) by extensions ['colcon_pkg']
[0.237s] Level 1:colcon.colcon_core.package_identification:_identify(home/zeinazz) by extension 'colcon_pkg'
[0.237s] Level 1:colcon.colcon_core.package_identification:_identify(home/zeinazz) by extensions ['colcon_meta']
[0.237s] Level 1:colcon.colcon_core.package_identification:_identify(home/zeinazz) by extension 'colcon_meta'
[0.237s] Level 1:colcon.colcon_core.package_identification:_identify(home/zeinazz) by extensions ['ros']
[0.237s] Level 1:colcon.colcon_core.package_identification:_identify(home/zeinazz) by extension 'ros'
[0.237s] Level 1:colcon.colcon_core.package_identification:_identify(home/zeinazz) by extensions ['cmake', 'python']
[0.237s] Level 1:colcon.colcon_core.package_identification:_identify(home/zeinazz) by extension 'cmake'
[0.237s] Level 1:colcon.colcon_core.package_identification:_identify(home/zeinazz) by extension 'python'
[0.237s] Level 1:colcon.colcon_core.package_identification:_identify(home/zeinazz) by extensions ['python_setup_py']
[0.237s] Level 1:colcon.colcon_core.package_identification:_identify(home/zeinazz) by extension 'python_setup_py'
[0.237s] Level 1:colcon.colcon_core.package_identification:_identify(home/zeinazz/design_ws) by extensions ['ignore', 'ignore_ament_install']
[0.237s] Level 1:colcon.colcon_core.package_identification:_identify(home/zeinazz/design_ws) by extension 'ignore'
[0.238s] Level 1:colcon.colcon_core.package_identification:_identify(home/zeinazz/design_ws) by extension 'ignore_ament_install'
[0.238s] Level 1:colcon.colcon_core.package_identification:_identify(home/zeinazz/design_ws) by extensions ['colcon_pkg']
[0.238s] Level 1:colcon.colcon_core.package_identification:_identify(home/zeinazz/design_ws) by extension 'colcon_pkg'
[0.238s] Level 1:colcon.colcon_core.package_identification:_identify(home/zeinazz/design_ws) by extensions ['colcon_meta']
[0.238s] Level 1:colcon.colcon_core.package_identification:_identify(home/zeinazz/design_ws) by extension 'colcon_meta'
[0.238s] Level 1:colcon.colcon_core.package_identification:_identify(home/zeinazz/design_ws) by extensions ['ros']
[0.238s] Level 1:colcon.colcon_core.package_identification:_identify(home/zeinazz/design_ws) by extension 'ros'
[0.238s] Level 1:colcon.colcon_core.package_identification:_identify(home/zeinazz/design_ws) by extensions ['cmake', 'python']
[0.238s] Level 1:colcon.colcon_core.package_identification:_identify(home/zeinazz/design_ws) by extension 'cmake'
[0.238s] Level 1:colcon.colcon_core.package_identification:_identify(home/zeinazz/design_ws) by extension 'python'
[0.238s] Level 1:colcon.colcon_core.package_identification:_identify(home/zeinazz/design_ws) by extensions ['python_setup_py']
[0.238s] Level 1:colcon.colcon_core.package_identification:_identify(home/zeinazz/design_ws) by extension 'python_setup_py'
[0.238s] Level 1:colcon.colcon_core.package_identification:_identify(home/zeinazz/design_ws/src) by extensions ['ignore', 'ignore_ament_install']
[0.238s] Level 1:colcon.colcon_core.package_identification:_identify(home/zeinazz/design_ws/src) by extension 'ignore'
[0.238s] Level 1:colcon.colcon_core.package_identification:_identify(home/zeinazz/design_ws/src) by extension 'ignore_ament_install'
[0.238s] Level 1:colcon.colcon_core.package_identification:_identify(home/zeinazz/design_ws/src) by extensions ['colcon_pkg']
[0.238s] Level 1:colcon.colcon_core.package_identification:_identify(home/zeinazz/design_ws/src) by extension 'colcon_pkg'
[0.238s] Level 1:colcon.colcon_core.package_identification:_identify(home/zeinazz/design_ws/src) by extensions ['colcon_meta']
[0.238s] Level 1:colcon.colcon_core.package_identification:_identify(home/zeinazz/design_ws/src) by extension 'colcon_meta'
[0.238s] Level 1:colcon.colcon_core.package_identification:_identify(home/zeinazz/design_ws/src) by extensions ['ros']
[0.238s] Level 1:colcon.colcon_core.package_identification:_identify(home/zeinazz/design_ws/src) by extension 'ros'
[0.238s] Level 1:colcon.colcon_core.package_identification:_identify(home/zeinazz/design_ws/src) by extensions ['cmake', 'python']
[0.238s] Level 1:colcon.colcon_core.package_identification:_identify(home/zeinazz/design_ws/src) by extension 'cmake'
[0.238s] Level 1:colcon.colcon_core.package_identification:_identify(home/zeinazz/design_ws/src) by extension 'python'
[0.238s] Level 1:colcon.colcon_core.package_identification:_identify(home/zeinazz/design_ws/src) by extensions ['python_setup_py']
[0.238s] Level 1:colcon.colcon_core.package_identification:_identify(home/zeinazz/design_ws/src) by extension 'python_setup_py'
[0.238s] Level 1:colcon.colcon_core.package_identification:_identify(home/zeinazz/design_ws/src/mobile_robot_sim) by extensions ['ignore', 'ignore_ament_install']
[0.238s] Level 1:colcon.colcon_core.package_identification:_identify(home/zeinazz/design_ws/src/mobile_robot_sim) by extension 'ignore'
[0.238s] Level 1:colcon.colcon_core.package_identification:_identify(home/zeinazz/design_ws/src/mobile_robot_sim) by extension 'ignore_ament_install'
[0.238s] Level 1:colcon.colcon_core.package_identification:_identify(home/zeinazz/design_ws/src/mobile_robot_sim) by extensions ['colcon_pkg']
[0.238s] Level 1:colcon.colcon_core.package_identification:_identify(home/zeinazz/design_ws/src/mobile_robot_sim) by extension 'colcon_pkg'
[0.238s] Level 1:colcon.colcon_core.package_identification:_identify(home/zeinazz/design_ws/src/mobile_robot_sim) by extensions ['colcon_meta']
[0.238s] Level 1:colcon.colcon_core.package_identification:_identify(home/zeinazz/design_ws/src/mobile_robot_sim) by extension 'colcon_meta'
[0.238s] Level 1:colcon.colcon_core.package_identification:_identify(home/zeinazz/design_ws/src/mobile_robot_sim) by extensions ['ros']
[0.238s] Level 1:colcon.colcon_core.package_identification:_identify(home/zeinazz/design_ws/src/mobile_robot_sim) by extension 'ros'
[0.238s] Level 1:colcon.colcon_core.package_identification:_identify(home/zeinazz/design_ws/src/mobile_robot_sim) by extensions ['cmake', 'python']
[0.239s] Level 1:colcon.colcon_core.package_identification:_identify(home/zeinazz/design_ws/src/mobile_robot_sim) by extension 'cmake'
[0.239s] Level 1:colcon.colcon_core.package_identification:_identify(home/zeinazz/design_ws/src/mobile_robot_sim) by extension 'python'
[0.239s] Level 1:colcon.colcon_core.package_identification:_identify(home/zeinazz/design_ws/src/mobile_robot_sim) by extensions ['python_setup_py']
[0.239s] Level 1:colcon.colcon_core.package_identification:_identify(home/zeinazz/design_ws/src/mobile_robot_sim) by extension 'python_setup_py'
[0.239s] Level 1:colcon.colcon_core.package_identification:_identify(home/zeinazz/design_ws/src/mobile_robot_sim/test_python) by extensions ['ignore', 'ignore_ament_install']
[0.239s] Level 1:colcon.colcon_core.package_identification:_identify(home/zeinazz/design_ws/src/mobile_robot_sim/test_python) by extension 'ignore'
[0.239s] Level 1:colcon.colcon_core.package_identification:_identify(home/zeinazz/design_ws/src/mobile_robot_sim/test_python) by extension 'ignore_ament_install'
[0.239s] Level 1:colcon.colcon_core.package_identification:_identify(home/zeinazz/design_ws/src/mobile_robot_sim/test_python) by extensions ['colcon_pkg']
[0.239s] Level 1:colcon.colcon_core.package_identification:_identify(home/zeinazz/design_ws/src/mobile_robot_sim/test_python) by extension 'colcon_pkg'
[0.239s] Level 1:colcon.colcon_core.package_identification:_identify(home/zeinazz/design_ws/src/mobile_robot_sim/test_python) by extensions ['colcon_meta']
[0.239s] Level 1:colcon.colcon_core.package_identification:_identify(home/zeinazz/design_ws/src/mobile_robot_sim/test_python) by extension 'colcon_meta'
[0.239s] Level 1:colcon.colcon_core.package_identification:_identify(home/zeinazz/design_ws/src/mobile_robot_sim/test_python) by extensions ['ros']
[0.239s] Level 1:colcon.colcon_core.package_identification:_identify(home/zeinazz/design_ws/src/mobile_robot_sim/test_python) by extension 'ros'
[0.239s] Level 1:colcon.colcon_core.package_identification:_identify(home/zeinazz/design_ws/src/mobile_robot_sim/test_python) by extensions ['cmake', 'python']
[0.239s] Level 1:colcon.colcon_core.package_identification:_identify(home/zeinazz/design_ws/src/mobile_robot_sim/test_python) by extension 'cmake'
[0.239s] Level 1:colcon.colcon_core.package_identification:_identify(home/zeinazz/design_ws/src/mobile_robot_sim/test_python) by extension 'python'
[0.239s] Level 1:colcon.colcon_core.package_identification:_identify(home/zeinazz/design_ws/src/mobile_robot_sim/test_python) by extensions ['python_setup_py']
[0.239s] Level 1:colcon.colcon_core.package_identification:_identify(home/zeinazz/design_ws/src/mobile_robot_sim/test_python) by extension 'python_setup_py'
[0.239s] Level 1:colcon.colcon_core.package_identification:_identify(install) by extensions ['ignore', 'ignore_ament_install']
[0.239s] Level 1:colcon.colcon_core.package_identification:_identify(install) by extension 'ignore'
[0.239s] Level 1:colcon.colcon_core.package_identification:_identify(install) ignored
[0.239s] Level 1:colcon.colcon_core.package_identification:_identify(log) by extensions ['ignore', 'ignore_ament_install']
[0.239s] Level 1:colcon.colcon_core.package_identification:_identify(log) by extension 'ignore'
[0.239s] Level 1:colcon.colcon_core.package_identification:_identify(log) ignored
[0.239s] Level 1:colcon.colcon_core.package_identification:_identify(src) by extensions ['ignore', 'ignore_ament_install']
[0.239s] Level 1:colcon.colcon_core.package_identification:_identify(src) by extension 'ignore'
[0.239s] Level 1:colcon.colcon_core.package_identification:_identify(src) by extension 'ignore_ament_install'
[0.239s] Level 1:colcon.colcon_core.package_identification:_identify(src) by extensions ['colcon_pkg']
[0.239s] Level 1:colcon.colcon_core.package_identification:_identify(src) by extension 'colcon_pkg'
[0.239s] Level 1:colcon.colcon_core.package_identification:_identify(src) by extensions ['colcon_meta']
[0.239s] Level 1:colcon.colcon_core.package_identification:_identify(src) by extension 'colcon_meta'
[0.240s] Level 1:colcon.colcon_core.package_identification:_identify(src) by extensions ['ros']
[0.240s] Level 1:colcon.colcon_core.package_identification:_identify(src) by extension 'ros'
[0.240s] Level 1:colcon.colcon_core.package_identification:_identify(src) by extensions ['cmake', 'python']
[0.240s] Level 1:colcon.colcon_core.package_identification:_identify(src) by extension 'cmake'
[0.240s] Level 1:colcon.colcon_core.package_identification:_identify(src) by extension 'python'
[0.240s] Level 1:colcon.colcon_core.package_identification:_identify(src) by extensions ['python_setup_py']
[0.240s] Level 1:colcon.colcon_core.package_identification:_identify(src) by extension 'python_setup_py'
[0.240s] Level 1:colcon.colcon_core.package_identification:_identify(src/mobile_robot_sim) by extensions ['ignore', 'ignore_ament_install']
[0.240s] Level 1:colcon.colcon_core.package_identification:_identify(src/mobile_robot_sim) by extension 'ignore'
[0.240s] Level 1:colcon.colcon_core.package_identification:_identify(src/mobile_robot_sim) by extension 'ignore_ament_install'
[0.240s] Level 1:colcon.colcon_core.package_identification:_identify(src/mobile_robot_sim) by extensions ['colcon_pkg']
[0.240s] Level 1:colcon.colcon_core.package_identification:_identify(src/mobile_robot_sim) by extension 'colcon_pkg'
[0.240s] Level 1:colcon.colcon_core.package_identification:_identify(src/mobile_robot_sim) by extensions ['colcon_meta']
[0.240s] Level 1:colcon.colcon_core.package_identification:_identify(src/mobile_robot_sim) by extension 'colcon_meta'
[0.240s] Level 1:colcon.colcon_core.package_identification:_identify(src/mobile_robot_sim) by extensions ['ros']
[0.240s] Level 1:colcon.colcon_core.package_identification:_identify(src/mobile_robot_sim) by extension 'ros'
[0.242s] DEBUG:colcon.colcon_core.package_identification:Package 'src/mobile_robot_sim' with type 'ros.ament_cmake' and name 'mobile_robot_sim'
[0.242s] Level 1:colcon.colcon_core.package_discovery:discover_packages(recursive) using defaults
[0.242s] Level 1:colcon.colcon_core.package_discovery:discover_packages(ignore) discover
[0.242s] Level 1:colcon.colcon_core.package_discovery:discover_packages(ignore) using defaults
[0.242s] Level 1:colcon.colcon_core.package_discovery:discover_packages(path) discover
[0.242s] Level 1:colcon.colcon_core.package_discovery:discover_packages(path) using defaults
[0.255s] Level 1:colcon.colcon_core.package_discovery:discover_packages(prefix_path) check parameters
[0.255s] Level 1:colcon.colcon_core.package_discovery:discover_packages(prefix_path) discover
[0.257s] DEBUG:colcon.colcon_installed_package_information.package_discovery:Found 454 installed packages in /opt/ros/jazzy
[0.258s] Level 1:colcon.colcon_core.package_discovery:discover_packages(prefix_path) using defaults
[0.293s] Level 5:colcon.colcon_core.verb:set package 'mobile_robot_sim' build argument 'cmake_args' from command line to 'None'
[0.293s] Level 5:colcon.colcon_core.verb:set package 'mobile_robot_sim' build argument 'cmake_target' from command line to 'None'
[0.293s] Level 5:colcon.colcon_core.verb:set package 'mobile_robot_sim' build argument 'cmake_target_skip_unavailable' from command line to 'False'
[0.294s] Level 5:colcon.colcon_core.verb:set package 'mobile_robot_sim' build argument 'cmake_clean_cache' from command line to 'False'
[0.294s] Level 5:colcon.colcon_core.verb:set package 'mobile_robot_sim' build argument 'cmake_clean_first' from command line to 'False'
[0.294s] Level 5:colcon.colcon_core.verb:set package 'mobile_robot_sim' build argument 'cmake_force_configure' from command line to 'False'
[0.294s] Level 5:colcon.colcon_core.verb:set package 'mobile_robot_sim' build argument 'ament_cmake_args' from command line to 'None'
[0.294s] Level 5:colcon.colcon_core.verb:set package 'mobile_robot_sim' build argument 'catkin_cmake_args' from command line to 'None'
[0.294s] Level 5:colcon.colcon_core.verb:set package 'mobile_robot_sim' build argument 'catkin_skip_building_tests' from command line to 'False'
[0.294s] DEBUG:colcon.colcon_core.verb:Building package 'mobile_robot_sim' with the following arguments: {'ament_cmake_args': None, 'build_base': '/home/zeinazz/design_ws/build/mobile_robot_sim', 'catkin_cmake_args': None, 'catkin_skip_building_tests': False, 'cmake_args': None, 'cmake_clean_cache': False, 'cmake_clean_first': False, 'cmake_force_configure': False, 'cmake_target': None, 'cmake_target_skip_unavailable': False, 'install_base': '/home/zeinazz/design_ws/install/mobile_robot_sim', 'merge_install': False, 'path': '/home/zeinazz/design_ws/src/mobile_robot_sim', 'symlink_install': True, 'test_result_base': None}
[0.294s] INFO:colcon.colcon_core.executor:Executing jobs using 'parallel' executor
[0.294s] DEBUG:colcon.colcon_parallel_executor.executor.parallel:run_until_complete
[0.295s] INFO:colcon.colcon_ros.task.ament_cmake.build:Building ROS package in '/home/zeinazz/design_ws/src/mobile_robot_sim' with build type 'ament_cmake'
[0.295s] INFO:colcon.colcon_cmake.task.cmake.build:Building CMake package in '/home/zeinazz/design_ws/src/mobile_robot_sim'
[0.296s] INFO:colcon.colcon_core.plugin_system:Skipping extension 'colcon_core.shell.bat': Not used on non-Windows systems
[0.297s] INFO:colcon.colcon_core.shell:Skip shell extension 'powershell' for command environment: Not usable outside of PowerShell
[0.297s] DEBUG:colcon.colcon_core.shell:Skip shell extension 'dsv' for command environment
[0.303s] DEBUG:colcon.colcon_core.event_handler.log_command:Invoking command in '/home/zeinazz/design_ws/build/mobile_robot_sim': CMAKE_PREFIX_PATH=${CMAKE_PREFIX_PATH}:/opt/ros/jazzy /usr/bin/cmake /home/zeinazz/design_ws/src/mobile_robot_sim -DAMENT_CMAKE_SYMLINK_INSTALL=1 -DCMAKE_INSTALL_PREFIX=/home/zeinazz/design_ws/install/mobile_robot_sim
[3.181s] DEBUG:colcon.colcon_core.event_handler.log_command:Invoked command in '/home/zeinazz/design_ws/build/mobile_robot_sim' returned '0': CMAKE_PREFIX_PATH=${CMAKE_PREFIX_PATH}:/opt/ros/jazzy /usr/bin/cmake /home/zeinazz/design_ws/src/mobile_robot_sim -DAMENT_CMAKE_SYMLINK_INSTALL=1 -DCMAKE_INSTALL_PREFIX=/home/zeinazz/design_ws/install/mobile_robot_sim
[3.182s] DEBUG:colcon.colcon_core.event_handler.log_command:Invoking command in '/home/zeinazz/design_ws/build/mobile_robot_sim': CMAKE_PREFIX_PATH=${CMAKE_PREFIX_PATH}:/opt/ros/jazzy /usr/bin/cmake --build /home/zeinazz/design_ws/build/mobile_robot_sim -- -j20 -l20
[3.205s] DEBUG:colcon.colcon_core.event_handler.log_command:Invoked command in '/home/zeinazz/design_ws/build/mobile_robot_sim' returned '0': CMAKE_PREFIX_PATH=${CMAKE_PREFIX_PATH}:/opt/ros/jazzy /usr/bin/cmake --build /home/zeinazz/design_ws/build/mobile_robot_sim -- -j20 -l20
[3.211s] DEBUG:colcon.colcon_core.event_handler.log_command:Invoking command in '/home/zeinazz/design_ws/build/mobile_robot_sim': CMAKE_PREFIX_PATH=${CMAKE_PREFIX_PATH}:/opt/ros/jazzy /usr/bin/cmake --install /home/zeinazz/design_ws/build/mobile_robot_sim
[3.462s] Level 1:colcon.colcon_core.environment:create_environment_scripts_only(mobile_robot_sim)
[3.462s] DEBUG:colcon.colcon_core.event_handler.log_command:Invoked command in '/home/zeinazz/design_ws/build/mobile_robot_sim' returned '0': CMAKE_PREFIX_PATH=${CMAKE_PREFIX_PATH}:/opt/ros/jazzy /usr/bin/cmake --install /home/zeinazz/design_ws/build/mobile_robot_sim
[3.464s] Level 1:colcon.colcon_core.environment:checking '/home/zeinazz/design_ws/install/mobile_robot_sim' for CMake module files
[3.464s] Level 1:colcon.colcon_core.environment:checking '/home/zeinazz/design_ws/install/mobile_robot_sim' for CMake config files
[3.464s] Level 1:colcon.colcon_core.shell:create_environment_hook('mobile_robot_sim', 'cmake_prefix_path')
[3.464s] INFO:colcon.colcon_core.shell:Creating environment hook '/home/zeinazz/design_ws/install/mobile_robot_sim/share/mobile_robot_sim/hook/cmake_prefix_path.ps1'
[3.465s] INFO:colcon.colcon_core.shell:Creating environment descriptor '/home/zeinazz/design_ws/install/mobile_robot_sim/share/mobile_robot_sim/hook/cmake_prefix_path.dsv'
[3.465s] INFO:colcon.colcon_core.shell:Creating environment hook '/home/zeinazz/design_ws/install/mobile_robot_sim/share/mobile_robot_sim/hook/cmake_prefix_path.sh'
[3.466s] Level 1:colcon.colcon_core.environment:checking '/home/zeinazz/design_ws/install/mobile_robot_sim/lib'
[3.466s] Level 1:colcon.colcon_core.environment:checking '/home/zeinazz/design_ws/install/mobile_robot_sim/bin'
[3.466s] Level 1:colcon.colcon_core.environment:checking '/home/zeinazz/design_ws/install/mobile_robot_sim/lib/pkgconfig/mobile_robot_sim.pc'
[3.466s] Level 1:colcon.colcon_core.environment:checking '/home/zeinazz/design_ws/install/mobile_robot_sim/lib/python3.12/site-packages'
[3.466s] Level 1:colcon.colcon_core.environment:checking '/home/zeinazz/design_ws/install/mobile_robot_sim/bin'
[3.466s] INFO:colcon.colcon_core.shell:Creating package script '/home/zeinazz/design_ws/install/mobile_robot_sim/share/mobile_robot_sim/package.ps1'
[3.467s] INFO:colcon.colcon_core.shell:Creating package descriptor '/home/zeinazz/design_ws/install/mobile_robot_sim/share/mobile_robot_sim/package.dsv'
[3.467s] INFO:colcon.colcon_core.shell:Creating package script '/home/zeinazz/design_ws/install/mobile_robot_sim/share/mobile_robot_sim/package.sh'
[3.467s] INFO:colcon.colcon_core.shell:Creating package script '/home/zeinazz/design_ws/install/mobile_robot_sim/share/mobile_robot_sim/package.bash'
[3.470s] INFO:colcon.colcon_core.shell:Creating package script '/home/zeinazz/design_ws/install/mobile_robot_sim/share/mobile_robot_sim/package.zsh'
[3.470s] Level 1:colcon.colcon_core.environment:create_file_with_runtime_dependencies(/home/zeinazz/design_ws/install/mobile_robot_sim/share/colcon-core/packages/mobile_robot_sim)
[3.471s] Level 1:colcon.colcon_core.environment:create_environment_scripts_only(mobile_robot_sim)
[3.471s] Level 1:colcon.colcon_core.environment:checking '/home/zeinazz/design_ws/install/mobile_robot_sim' for CMake module files
[3.471s] Level 1:colcon.colcon_core.environment:checking '/home/zeinazz/design_ws/install/mobile_robot_sim' for CMake config files
[3.471s] Level 1:colcon.colcon_core.shell:create_environment_hook('mobile_robot_sim', 'cmake_prefix_path')
[3.471s] INFO:colcon.colcon_core.shell:Creating environment hook '/home/zeinazz/design_ws/install/mobile_robot_sim/share/mobile_robot_sim/hook/cmake_prefix_path.ps1'
[3.472s] INFO:colcon.colcon_core.shell:Creating environment descriptor '/home/zeinazz/design_ws/install/mobile_robot_sim/share/mobile_robot_sim/hook/cmake_prefix_path.dsv'
[3.472s] INFO:colcon.colcon_core.shell:Creating environment hook '/home/zeinazz/design_ws/install/mobile_robot_sim/share/mobile_robot_sim/hook/cmake_prefix_path.sh'
[3.472s] Level 1:colcon.colcon_core.environment:checking '/home/zeinazz/design_ws/install/mobile_robot_sim/lib'
[3.472s] Level 1:colcon.colcon_core.environment:checking '/home/zeinazz/design_ws/install/mobile_robot_sim/bin'
[3.472s] Level 1:colcon.colcon_core.environment:checking '/home/zeinazz/design_ws/install/mobile_robot_sim/lib/pkgconfig/mobile_robot_sim.pc'
[3.472s] Level 1:colcon.colcon_core.environment:checking '/home/zeinazz/design_ws/install/mobile_robot_sim/lib/python3.12/site-packages'
[3.473s] Level 1:colcon.colcon_core.environment:checking '/home/zeinazz/design_ws/install/mobile_robot_sim/bin'
[3.473s] INFO:colcon.colcon_core.shell:Creating package script '/home/zeinazz/design_ws/install/mobile_robot_sim/share/mobile_robot_sim/package.ps1'
[3.473s] INFO:colcon.colcon_core.shell:Creating package descriptor '/home/zeinazz/design_ws/install/mobile_robot_sim/share/mobile_robot_sim/package.dsv'
[3.473s] INFO:colcon.colcon_core.shell:Creating package script '/home/zeinazz/design_ws/install/mobile_robot_sim/share/mobile_robot_sim/package.sh'
[3.474s] INFO:colcon.colcon_core.shell:Creating package script '/home/zeinazz/design_ws/install/mobile_robot_sim/share/mobile_robot_sim/package.bash'
[3.474s] INFO:colcon.colcon_core.shell:Creating package script '/home/zeinazz/design_ws/install/mobile_robot_sim/share/mobile_robot_sim/package.zsh'
[3.474s] Level 1:colcon.colcon_core.environment:create_file_with_runtime_dependencies(/home/zeinazz/design_ws/install/mobile_robot_sim/share/colcon-core/packages/mobile_robot_sim)
[3.474s] DEBUG:colcon.colcon_parallel_executor.executor.parallel:closing loop
[3.475s] DEBUG:colcon.colcon_parallel_executor.executor.parallel:loop closed
[3.475s] DEBUG:colcon.colcon_parallel_executor.executor.parallel:run_until_complete finished with '0'
[3.475s] DEBUG:colcon.colcon_core.event_reactor:joining thread
[3.546s] INFO:colcon.colcon_core.plugin_system:Skipping extension 'colcon_notification.desktop_notification.notify_send': Could not find 'notify-send'
[3.546s] INFO:colcon.colcon_core.plugin_system:Skipping extension 'colcon_notification.desktop_notification.terminal_notifier': Not used on non-Darwin systems
[3.547s] INFO:colcon.colcon_core.plugin_system:Skipping extension 'colcon_notification.desktop_notification.win32': Not used on non-Windows systems
[3.547s] INFO:colcon.colcon_notification.desktop_notification:Sending desktop notification using 'notify2'
[3.577s] DEBUG:colcon.colcon_notification.desktop_notification.notify2:Failed to initialize notify2: org.freedesktop.DBus.Error.ServiceUnknown: The name org.freedesktop.Notifications was not provided by any .service files
[3.577s] DEBUG:colcon.colcon_core.event_reactor:joined thread
[3.577s] INFO:colcon.colcon_core.shell:Creating prefix script '/home/zeinazz/design_ws/install/local_setup.ps1'
[3.578s] INFO:colcon.colcon_core.shell:Creating prefix util module '/home/zeinazz/design_ws/install/_local_setup_util_ps1.py'
[3.579s] INFO:colcon.colcon_core.shell:Creating prefix chain script '/home/zeinazz/design_ws/install/setup.ps1'
[3.579s] INFO:colcon.colcon_core.shell:Creating prefix script '/home/zeinazz/design_ws/install/local_setup.sh'
[3.580s] INFO:colcon.colcon_core.shell:Creating prefix util module '/home/zeinazz/design_ws/install/_local_setup_util_sh.py'
[3.580s] INFO:colcon.colcon_core.shell:Creating prefix chain script '/home/zeinazz/design_ws/install/setup.sh'
[3.580s] INFO:colcon.colcon_core.shell:Creating prefix script '/home/zeinazz/design_ws/install/local_setup.bash'
[3.581s] INFO:colcon.colcon_core.shell:Creating prefix chain script '/home/zeinazz/design_ws/install/setup.bash'
[3.581s] INFO:colcon.colcon_core.shell:Creating prefix script '/home/zeinazz/design_ws/install/local_setup.zsh'
[3.581s] INFO:colcon.colcon_core.shell:Creating prefix chain script '/home/zeinazz/design_ws/install/setup.zsh'
