[0.668s] DEBUG:colcon:Command line arguments: ['/usr/bin/colcon', 'build', '--packages-select', 'mobile_robot_sim']
[0.668s] DEBUG:colcon:Parsed command line arguments: Namespace(log_base=None, log_level=None, verb_name='build', build_base='build', install_base='install', merge_install=False, symlink_install=False, test_result_base=None, continue_on_error=False, executor='parallel', parallel_workers=16, event_handlers=None, ignore_user_meta=False, metas=['./colcon.meta'], base_paths=['.'], packages_ignore=None, packages_ignore_regex=None, paths=None, packages_up_to=None, packages_up_to_regex=None, packages_above=None, packages_above_and_dependencies=None, packages_above_depth=None, packages_select_by_dep=None, packages_skip_by_dep=None, packages_skip_up_to=None, packages_select_build_failed=False, packages_skip_build_finished=False, packages_select_test_failures=False, packages_skip_test_passed=False, packages_select=['mobile_robot_sim'], packages_skip=None, packages_select_regex=None, packages_skip_regex=None, packages_start=None, packages_end=None, allow_overriding=[], cmake_args=None, cmake_target=None, cmake_target_skip_unavailable=False, cmake_clean_cache=False, cmake_clean_first=False, cmake_force_configure=False, ament_cmake_args=None, catkin_cmake_args=None, catkin_skip_building_tests=False, mixin_files=None, mixin=None, verb_parser=<colcon_mixin.mixin.mixin_argument.MixinArgumentDecorator object at 0x7666fd482300>, verb_extension=<colcon_core.verb.build.BuildVerb object at 0x7666fd481c70>, main=<bound method BuildVerb.main of <colcon_core.verb.build.BuildVerb object at 0x7666fd481c70>>, mixin_verb=('build',))
[0.783s] Level 1:colcon.colcon_core.package_discovery:discover_packages(colcon_meta) check parameters
[0.784s] Level 1:colcon.colcon_core.package_discovery:discover_packages(recursive) check parameters
[0.784s] Level 1:colcon.colcon_core.package_discovery:discover_packages(ignore) check parameters
[0.784s] Level 1:colcon.colcon_core.package_discovery:discover_packages(path) check parameters
[0.784s] Level 1:colcon.colcon_core.package_discovery:discover_packages(colcon_meta) discover
[0.784s] Level 1:colcon.colcon_core.package_discovery:discover_packages(recursive) discover
[0.784s] INFO:colcon.colcon_core.package_discovery:Crawling recursively for packages in '/home/nounou/motiv'
[0.785s] Level 1:colcon.colcon_core.package_identification:_identify(.) by extensions ['ignore', 'ignore_ament_install']
[0.785s] Level 1:colcon.colcon_core.package_identification:_identify(.) by extension 'ignore'
[0.785s] Level 1:colcon.colcon_core.package_identification:_identify(.) by extension 'ignore_ament_install'
[0.785s] Level 1:colcon.colcon_core.package_identification:_identify(.) by extensions ['colcon_pkg']
[0.785s] Level 1:colcon.colcon_core.package_identification:_identify(.) by extension 'colcon_pkg'
[0.786s] Level 1:colcon.colcon_core.package_identification:_identify(.) by extensions ['colcon_meta']
[0.786s] Level 1:colcon.colcon_core.package_identification:_identify(.) by extension 'colcon_meta'
[0.786s] Level 1:colcon.colcon_core.package_identification:_identify(.) by extensions ['ros']
[0.786s] Level 1:colcon.colcon_core.package_identification:_identify(.) by extension 'ros'
[0.854s] Level 1:colcon.colcon_core.package_identification:_identify(.) by extensions ['cmake', 'python']
[0.854s] Level 1:colcon.colcon_core.package_identification:_identify(.) by extension 'cmake'
[0.854s] Level 1:colcon.colcon_core.package_identification:_identify(.) by extension 'python'
[0.854s] Level 1:colcon.colcon_core.package_identification:_identify(.) by extensions ['python_setup_py']
[0.854s] Level 1:colcon.colcon_core.package_identification:_identify(.) by extension 'python_setup_py'
[0.855s] Level 1:colcon.colcon_core.package_identification:_identify(build) by extensions ['ignore', 'ignore_ament_install']
[0.855s] Level 1:colcon.colcon_core.package_identification:_identify(build) by extension 'ignore'
[0.855s] Level 1:colcon.colcon_core.package_identification:_identify(build) ignored
[0.856s] Level 1:colcon.colcon_core.package_identification:_identify(install) by extensions ['ignore', 'ignore_ament_install']
[0.856s] Level 1:colcon.colcon_core.package_identification:_identify(install) by extension 'ignore'
[0.857s] Level 1:colcon.colcon_core.package_identification:_identify(install) ignored
[0.857s] Level 1:colcon.colcon_core.package_identification:_identify(log) by extensions ['ignore', 'ignore_ament_install']
[0.857s] Level 1:colcon.colcon_core.package_identification:_identify(log) by extension 'ignore'
[0.857s] Level 1:colcon.colcon_core.package_identification:_identify(log) ignored
[0.858s] Level 1:colcon.colcon_core.package_identification:_identify(src) by extensions ['ignore', 'ignore_ament_install']
[0.858s] Level 1:colcon.colcon_core.package_identification:_identify(src) by extension 'ignore'
[0.858s] Level 1:colcon.colcon_core.package_identification:_identify(src) by extension 'ignore_ament_install'
[0.859s] Level 1:colcon.colcon_core.package_identification:_identify(src) by extensions ['colcon_pkg']
[0.859s] Level 1:colcon.colcon_core.package_identification:_identify(src) by extension 'colcon_pkg'
[0.859s] Level 1:colcon.colcon_core.package_identification:_identify(src) by extensions ['colcon_meta']
[0.859s] Level 1:colcon.colcon_core.package_identification:_identify(src) by extension 'colcon_meta'
[0.859s] Level 1:colcon.colcon_core.package_identification:_identify(src) by extensions ['ros']
[0.859s] Level 1:colcon.colcon_core.package_identification:_identify(src) by extension 'ros'
[0.859s] Level 1:colcon.colcon_core.package_identification:_identify(src) by extensions ['cmake', 'python']
[0.859s] Level 1:colcon.colcon_core.package_identification:_identify(src) by extension 'cmake'
[0.860s] Level 1:colcon.colcon_core.package_identification:_identify(src) by extension 'python'
[0.860s] Level 1:colcon.colcon_core.package_identification:_identify(src) by extensions ['python_setup_py']
[0.860s] Level 1:colcon.colcon_core.package_identification:_identify(src) by extension 'python_setup_py'
[0.860s] Level 1:colcon.colcon_core.package_identification:_identify(src/mobile_robot_sim) by extensions ['ignore', 'ignore_ament_install']
[0.860s] Level 1:colcon.colcon_core.package_identification:_identify(src/mobile_robot_sim) by extension 'ignore'
[0.860s] Level 1:colcon.colcon_core.package_identification:_identify(src/mobile_robot_sim) by extension 'ignore_ament_install'
[0.861s] Level 1:colcon.colcon_core.package_identification:_identify(src/mobile_robot_sim) by extensions ['colcon_pkg']
[0.861s] Level 1:colcon.colcon_core.package_identification:_identify(src/mobile_robot_sim) by extension 'colcon_pkg'
[0.861s] Level 1:colcon.colcon_core.package_identification:_identify(src/mobile_robot_sim) by extensions ['colcon_meta']
[0.861s] Level 1:colcon.colcon_core.package_identification:_identify(src/mobile_robot_sim) by extension 'colcon_meta'
[0.861s] Level 1:colcon.colcon_core.package_identification:_identify(src/mobile_robot_sim) by extensions ['ros']
[0.861s] Level 1:colcon.colcon_core.package_identification:_identify(src/mobile_robot_sim) by extension 'ros'
[0.869s] DEBUG:colcon.colcon_core.package_identification:Package 'src/mobile_robot_sim' with type 'ros.ament_cmake' and name 'mobile_robot_sim'
[0.869s] Level 1:colcon.colcon_core.package_discovery:discover_packages(recursive) using defaults
[0.869s] Level 1:colcon.colcon_core.package_discovery:discover_packages(ignore) discover
[0.870s] Level 1:colcon.colcon_core.package_discovery:discover_packages(ignore) using defaults
[0.870s] Level 1:colcon.colcon_core.package_discovery:discover_packages(path) discover
[0.870s] Level 1:colcon.colcon_core.package_discovery:discover_packages(path) using defaults
[0.922s] Level 1:colcon.colcon_core.package_discovery:discover_packages(prefix_path) check parameters
[0.922s] Level 1:colcon.colcon_core.package_discovery:discover_packages(prefix_path) discover
[0.932s] DEBUG:colcon.colcon_installed_package_information.package_discovery:Found 370 installed packages in /opt/ros/jazzy
[0.935s] Level 1:colcon.colcon_core.package_discovery:discover_packages(prefix_path) using defaults
[1.090s] Level 5:colcon.colcon_core.verb:set package 'mobile_robot_sim' build argument 'cmake_args' from command line to 'None'
[1.091s] Level 5:colcon.colcon_core.verb:set package 'mobile_robot_sim' build argument 'cmake_target' from command line to 'None'
[1.091s] Level 5:colcon.colcon_core.verb:set package 'mobile_robot_sim' build argument 'cmake_target_skip_unavailable' from command line to 'False'
[1.091s] Level 5:colcon.colcon_core.verb:set package 'mobile_robot_sim' build argument 'cmake_clean_cache' from command line to 'False'
[1.091s] Level 5:colcon.colcon_core.verb:set package 'mobile_robot_sim' build argument 'cmake_clean_first' from command line to 'False'
[1.091s] Level 5:colcon.colcon_core.verb:set package 'mobile_robot_sim' build argument 'cmake_force_configure' from command line to 'False'
[1.091s] Level 5:colcon.colcon_core.verb:set package 'mobile_robot_sim' build argument 'ament_cmake_args' from command line to 'None'
[1.091s] Level 5:colcon.colcon_core.verb:set package 'mobile_robot_sim' build argument 'catkin_cmake_args' from command line to 'None'
[1.091s] Level 5:colcon.colcon_core.verb:set package 'mobile_robot_sim' build argument 'catkin_skip_building_tests' from command line to 'False'
[1.091s] DEBUG:colcon.colcon_core.verb:Building package 'mobile_robot_sim' with the following arguments: {'ament_cmake_args': None, 'build_base': '/home/nounou/motiv/build/mobile_robot_sim', 'catkin_cmake_args': None, 'catkin_skip_building_tests': False, 'cmake_args': None, 'cmake_clean_cache': False, 'cmake_clean_first': False, 'cmake_force_configure': False, 'cmake_target': None, 'cmake_target_skip_unavailable': False, 'install_base': '/home/nounou/motiv/install/mobile_robot_sim', 'merge_install': False, 'path': '/home/nounou/motiv/src/mobile_robot_sim', 'symlink_install': False, 'test_result_base': None}
[1.091s] INFO:colcon.colcon_core.executor:Executing jobs using 'parallel' executor
[1.094s] DEBUG:colcon.colcon_parallel_executor.executor.parallel:run_until_complete
[1.095s] INFO:colcon.colcon_ros.task.ament_cmake.build:Building ROS package in '/home/nounou/motiv/src/mobile_robot_sim' with build type 'ament_cmake'
[1.096s] INFO:colcon.colcon_cmake.task.cmake.build:Building CMake package in '/home/nounou/motiv/src/mobile_robot_sim'
[1.101s] INFO:colcon.colcon_core.plugin_system:Skipping extension 'colcon_core.shell.bat': Not used on non-Windows systems
[1.102s] INFO:colcon.colcon_core.shell:Skip shell extension 'powershell' for command environment: Not usable outside of PowerShell
[1.102s] DEBUG:colcon.colcon_core.shell:Skip shell extension 'dsv' for command environment
[1.130s] DEBUG:colcon.colcon_core.event_handler.log_command:Invoking command in '/home/nounou/motiv/build/mobile_robot_sim': CMAKE_PREFIX_PATH=${CMAKE_PREFIX_PATH}:/opt/ros/jazzy /usr/bin/cmake --build /home/nounou/motiv/build/mobile_robot_sim -- -j16 -l16
[1.330s] DEBUG:colcon.colcon_core.event_handler.log_command:Invoked command in '/home/nounou/motiv/build/mobile_robot_sim' returned '0': CMAKE_PREFIX_PATH=${CMAKE_PREFIX_PATH}:/opt/ros/jazzy /usr/bin/cmake --build /home/nounou/motiv/build/mobile_robot_sim -- -j16 -l16
[1.368s] DEBUG:colcon.colcon_core.event_handler.log_command:Invoking command in '/home/nounou/motiv/build/mobile_robot_sim': CMAKE_PREFIX_PATH=${CMAKE_PREFIX_PATH}:/opt/ros/jazzy /usr/bin/cmake --install /home/nounou/motiv/build/mobile_robot_sim
[1.419s] Level 1:colcon.colcon_core.environment:create_environment_scripts_only(mobile_robot_sim)
[1.430s] DEBUG:colcon.colcon_core.event_handler.log_command:Invoked command in '/home/nounou/motiv/build/mobile_robot_sim' returned '0': CMAKE_PREFIX_PATH=${CMAKE_PREFIX_PATH}:/opt/ros/jazzy /usr/bin/cmake --install /home/nounou/motiv/build/mobile_robot_sim
[1.436s] Level 1:colcon.colcon_core.environment:checking '/home/nounou/motiv/install/mobile_robot_sim' for CMake module files
[1.438s] Level 1:colcon.colcon_core.environment:checking '/home/nounou/motiv/install/mobile_robot_sim' for CMake config files
[1.440s] Level 1:colcon.colcon_core.shell:create_environment_hook('mobile_robot_sim', 'cmake_prefix_path')
[1.440s] INFO:colcon.colcon_core.shell:Creating environment hook '/home/nounou/motiv/install/mobile_robot_sim/share/mobile_robot_sim/hook/cmake_prefix_path.ps1'
[1.443s] INFO:colcon.colcon_core.shell:Creating environment descriptor '/home/nounou/motiv/install/mobile_robot_sim/share/mobile_robot_sim/hook/cmake_prefix_path.dsv'
[1.444s] INFO:colcon.colcon_core.shell:Creating environment hook '/home/nounou/motiv/install/mobile_robot_sim/share/mobile_robot_sim/hook/cmake_prefix_path.sh'
[1.446s] Level 1:colcon.colcon_core.environment:checking '/home/nounou/motiv/install/mobile_robot_sim/lib'
[1.447s] Level 1:colcon.colcon_core.environment:checking '/home/nounou/motiv/install/mobile_robot_sim/bin'
[1.447s] Level 1:colcon.colcon_core.environment:checking '/home/nounou/motiv/install/mobile_robot_sim/lib/pkgconfig/mobile_robot_sim.pc'
[1.447s] Level 1:colcon.colcon_core.environment:checking '/home/nounou/motiv/install/mobile_robot_sim/lib/python3.12/site-packages'
[1.448s] Level 1:colcon.colcon_core.environment:checking '/home/nounou/motiv/install/mobile_robot_sim/bin'
[1.449s] INFO:colcon.colcon_core.shell:Creating package script '/home/nounou/motiv/install/mobile_robot_sim/share/mobile_robot_sim/package.ps1'
[1.453s] INFO:colcon.colcon_core.shell:Creating package descriptor '/home/nounou/motiv/install/mobile_robot_sim/share/mobile_robot_sim/package.dsv'
[1.455s] INFO:colcon.colcon_core.shell:Creating package script '/home/nounou/motiv/install/mobile_robot_sim/share/mobile_robot_sim/package.sh'
[1.457s] INFO:colcon.colcon_core.shell:Creating package script '/home/nounou/motiv/install/mobile_robot_sim/share/mobile_robot_sim/package.bash'
[1.458s] INFO:colcon.colcon_core.shell:Creating package script '/home/nounou/motiv/install/mobile_robot_sim/share/mobile_robot_sim/package.zsh'
[1.460s] Level 1:colcon.colcon_core.environment:create_file_with_runtime_dependencies(/home/nounou/motiv/install/mobile_robot_sim/share/colcon-core/packages/mobile_robot_sim)
[1.462s] Level 1:colcon.colcon_core.environment:create_environment_scripts_only(mobile_robot_sim)
[1.462s] Level 1:colcon.colcon_core.environment:checking '/home/nounou/motiv/install/mobile_robot_sim' for CMake module files
[1.464s] Level 1:colcon.colcon_core.environment:checking '/home/nounou/motiv/install/mobile_robot_sim' for CMake config files
[1.465s] Level 1:colcon.colcon_core.shell:create_environment_hook('mobile_robot_sim', 'cmake_prefix_path')
[1.465s] INFO:colcon.colcon_core.shell:Creating environment hook '/home/nounou/motiv/install/mobile_robot_sim/share/mobile_robot_sim/hook/cmake_prefix_path.ps1'
[1.467s] INFO:colcon.colcon_core.shell:Creating environment descriptor '/home/nounou/motiv/install/mobile_robot_sim/share/mobile_robot_sim/hook/cmake_prefix_path.dsv'
[1.468s] INFO:colcon.colcon_core.shell:Creating environment hook '/home/nounou/motiv/install/mobile_robot_sim/share/mobile_robot_sim/hook/cmake_prefix_path.sh'
[1.470s] Level 1:colcon.colcon_core.environment:checking '/home/nounou/motiv/install/mobile_robot_sim/lib'
[1.470s] Level 1:colcon.colcon_core.environment:checking '/home/nounou/motiv/install/mobile_robot_sim/bin'
[1.470s] Level 1:colcon.colcon_core.environment:checking '/home/nounou/motiv/install/mobile_robot_sim/lib/pkgconfig/mobile_robot_sim.pc'
[1.471s] Level 1:colcon.colcon_core.environment:checking '/home/nounou/motiv/install/mobile_robot_sim/lib/python3.12/site-packages'
[1.472s] Level 1:colcon.colcon_core.environment:checking '/home/nounou/motiv/install/mobile_robot_sim/bin'
[1.472s] INFO:colcon.colcon_core.shell:Creating package script '/home/nounou/motiv/install/mobile_robot_sim/share/mobile_robot_sim/package.ps1'
[1.474s] INFO:colcon.colcon_core.shell:Creating package descriptor '/home/nounou/motiv/install/mobile_robot_sim/share/mobile_robot_sim/package.dsv'
[1.475s] INFO:colcon.colcon_core.shell:Creating package script '/home/nounou/motiv/install/mobile_robot_sim/share/mobile_robot_sim/package.sh'
[1.476s] INFO:colcon.colcon_core.shell:Creating package script '/home/nounou/motiv/install/mobile_robot_sim/share/mobile_robot_sim/package.bash'
[1.477s] INFO:colcon.colcon_core.shell:Creating package script '/home/nounou/motiv/install/mobile_robot_sim/share/mobile_robot_sim/package.zsh'
[1.478s] Level 1:colcon.colcon_core.environment:create_file_with_runtime_dependencies(/home/nounou/motiv/install/mobile_robot_sim/share/colcon-core/packages/mobile_robot_sim)
[1.479s] DEBUG:colcon.colcon_parallel_executor.executor.parallel:closing loop
[1.481s] DEBUG:colcon.colcon_parallel_executor.executor.parallel:loop closed
[1.481s] DEBUG:colcon.colcon_parallel_executor.executor.parallel:run_until_complete finished with '0'
[1.481s] DEBUG:colcon.colcon_core.event_reactor:joining thread
[1.650s] INFO:colcon.colcon_core.plugin_system:Skipping extension 'colcon_notification.desktop_notification.notify_send': Could not find 'notify-send'
[1.651s] INFO:colcon.colcon_core.plugin_system:Skipping extension 'colcon_notification.desktop_notification.terminal_notifier': Not used on non-Darwin systems
[1.651s] INFO:colcon.colcon_core.plugin_system:Skipping extension 'colcon_notification.desktop_notification.win32': Not used on non-Windows systems
[1.651s] INFO:colcon.colcon_notification.desktop_notification:Sending desktop notification using 'notify2'
[1.655s] DEBUG:colcon.colcon_notification.desktop_notification.notify2:Failed to initialize notify2: org.freedesktop.DBus.Error.ServiceUnknown: The name org.freedesktop.Notifications was not provided by any .service files
[1.655s] DEBUG:colcon.colcon_core.event_reactor:joined thread
[1.655s] INFO:colcon.colcon_core.shell:Creating prefix script '/home/nounou/motiv/install/local_setup.ps1'
[1.657s] INFO:colcon.colcon_core.shell:Creating prefix util module '/home/nounou/motiv/install/_local_setup_util_ps1.py'
[1.659s] INFO:colcon.colcon_core.shell:Creating prefix chain script '/home/nounou/motiv/install/setup.ps1'
[1.662s] INFO:colcon.colcon_core.shell:Creating prefix script '/home/nounou/motiv/install/local_setup.sh'
[1.663s] INFO:colcon.colcon_core.shell:Creating prefix util module '/home/nounou/motiv/install/_local_setup_util_sh.py'
[1.665s] INFO:colcon.colcon_core.shell:Creating prefix chain script '/home/nounou/motiv/install/setup.sh'
[1.667s] INFO:colcon.colcon_core.shell:Creating prefix script '/home/nounou/motiv/install/local_setup.bash'
[1.669s] INFO:colcon.colcon_core.shell:Creating prefix chain script '/home/nounou/motiv/install/setup.bash'
[1.671s] INFO:colcon.colcon_core.shell:Creating prefix script '/home/nounou/motiv/install/local_setup.zsh'
[1.672s] INFO:colcon.colcon_core.shell:Creating prefix chain script '/home/nounou/motiv/install/setup.zsh'
