[0.419s] DEBUG:colcon:Command line arguments: ['/usr/bin/colcon', 'build']
[0.420s] DEBUG:colcon:Parsed command line arguments: Namespace(log_base=None, log_level=None, verb_name='build', build_base='build', install_base='install', merge_install=False, symlink_install=False, test_result_base=None, continue_on_error=False, executor='parallel', parallel_workers=16, event_handlers=None, ignore_user_meta=False, metas=['./colcon.meta'], base_paths=['.'], packages_ignore=None, packages_ignore_regex=None, paths=None, packages_up_to=None, packages_up_to_regex=None, packages_above=None, packages_above_and_dependencies=None, packages_above_depth=None, packages_select_by_dep=None, packages_skip_by_dep=None, packages_skip_up_to=None, packages_select_build_failed=False, packages_skip_build_finished=False, packages_select_test_failures=False, packages_skip_test_passed=False, packages_select=None, packages_skip=None, packages_select_regex=None, packages_skip_regex=None, packages_start=None, packages_end=None, allow_overriding=[], cmake_args=None, cmake_target=None, cmake_target_skip_unavailable=False, cmake_clean_cache=False, cmake_clean_first=False, cmake_force_configure=False, ament_cmake_args=None, catkin_cmake_args=None, catkin_skip_building_tests=False, mixin_files=None, mixin=None, verb_parser=<colcon_mixin.mixin.mixin_argument.MixinArgumentDecorator object at 0x7541b2d7e4e0>, verb_extension=<colcon_core.verb.build.BuildVerb object at 0x7541b2ea6510>, main=<bound method BuildVerb.main of <colcon_core.verb.build.BuildVerb object at 0x7541b2ea6510>>, mixin_verb=('build',))
[0.494s] Level 1:colcon.colcon_core.package_discovery:discover_packages(colcon_meta) check parameters
[0.495s] Level 1:colcon.colcon_core.package_discovery:discover_packages(recursive) check parameters
[0.495s] Level 1:colcon.colcon_core.package_discovery:discover_packages(ignore) check parameters
[0.495s] Level 1:colcon.colcon_core.package_discovery:discover_packages(path) check parameters
[0.495s] Level 1:colcon.colcon_core.package_discovery:discover_packages(colcon_meta) discover
[0.495s] Level 1:colcon.colcon_core.package_discovery:discover_packages(recursive) discover
[0.495s] INFO:colcon.colcon_core.package_discovery:Crawling recursively for packages in '/home/nounou/motiv'
[0.495s] Level 1:colcon.colcon_core.package_identification:_identify(.) by extensions ['ignore', 'ignore_ament_install']
[0.495s] Level 1:colcon.colcon_core.package_identification:_identify(.) by extension 'ignore'
[0.496s] Level 1:colcon.colcon_core.package_identification:_identify(.) by extension 'ignore_ament_install'
[0.496s] Level 1:colcon.colcon_core.package_identification:_identify(.) by extensions ['colcon_pkg']
[0.496s] Level 1:colcon.colcon_core.package_identification:_identify(.) by extension 'colcon_pkg'
[0.496s] Level 1:colcon.colcon_core.package_identification:_identify(.) by extensions ['colcon_meta']
[0.496s] Level 1:colcon.colcon_core.package_identification:_identify(.) by extension 'colcon_meta'
[0.496s] Level 1:colcon.colcon_core.package_identification:_identify(.) by extensions ['ros']
[0.496s] Level 1:colcon.colcon_core.package_identification:_identify(.) by extension 'ros'
[0.540s] Level 1:colcon.colcon_core.package_identification:_identify(.) by extensions ['cmake', 'python']
[0.540s] Level 1:colcon.colcon_core.package_identification:_identify(.) by extension 'cmake'
[0.540s] Level 1:colcon.colcon_core.package_identification:_identify(.) by extension 'python'
[0.540s] Level 1:colcon.colcon_core.package_identification:_identify(.) by extensions ['python_setup_py']
[0.540s] Level 1:colcon.colcon_core.package_identification:_identify(.) by extension 'python_setup_py'
[0.541s] Level 1:colcon.colcon_core.package_identification:_identify(build) by extensions ['ignore', 'ignore_ament_install']
[0.541s] Level 1:colcon.colcon_core.package_identification:_identify(build) by extension 'ignore'
[0.541s] Level 1:colcon.colcon_core.package_identification:_identify(build) ignored
[0.541s] Level 1:colcon.colcon_core.package_identification:_identify(install) by extensions ['ignore', 'ignore_ament_install']
[0.541s] Level 1:colcon.colcon_core.package_identification:_identify(install) by extension 'ignore'
[0.541s] Level 1:colcon.colcon_core.package_identification:_identify(install) ignored
[0.541s] Level 1:colcon.colcon_core.package_identification:_identify(log) by extensions ['ignore', 'ignore_ament_install']
[0.542s] Level 1:colcon.colcon_core.package_identification:_identify(log) by extension 'ignore'
[0.542s] Level 1:colcon.colcon_core.package_identification:_identify(log) ignored
[0.542s] Level 1:colcon.colcon_core.package_identification:_identify(src) by extensions ['ignore', 'ignore_ament_install']
[0.542s] Level 1:colcon.colcon_core.package_identification:_identify(src) by extension 'ignore'
[0.542s] Level 1:colcon.colcon_core.package_identification:_identify(src) by extension 'ignore_ament_install'
[0.542s] Level 1:colcon.colcon_core.package_identification:_identify(src) by extensions ['colcon_pkg']
[0.542s] Level 1:colcon.colcon_core.package_identification:_identify(src) by extension 'colcon_pkg'
[0.542s] Level 1:colcon.colcon_core.package_identification:_identify(src) by extensions ['colcon_meta']
[0.542s] Level 1:colcon.colcon_core.package_identification:_identify(src) by extension 'colcon_meta'
[0.542s] Level 1:colcon.colcon_core.package_identification:_identify(src) by extensions ['ros']
[0.542s] Level 1:colcon.colcon_core.package_identification:_identify(src) by extension 'ros'
[0.542s] Level 1:colcon.colcon_core.package_identification:_identify(src) by extensions ['cmake', 'python']
[0.542s] Level 1:colcon.colcon_core.package_identification:_identify(src) by extension 'cmake'
[0.542s] Level 1:colcon.colcon_core.package_identification:_identify(src) by extension 'python'
[0.542s] Level 1:colcon.colcon_core.package_identification:_identify(src) by extensions ['python_setup_py']
[0.542s] Level 1:colcon.colcon_core.package_identification:_identify(src) by extension 'python_setup_py'
[0.542s] Level 1:colcon.colcon_core.package_identification:_identify(src/mobile_robot_sim) by extensions ['ignore', 'ignore_ament_install']
[0.543s] Level 1:colcon.colcon_core.package_identification:_identify(src/mobile_robot_sim) by extension 'ignore'
[0.543s] Level 1:colcon.colcon_core.package_identification:_identify(src/mobile_robot_sim) by extension 'ignore_ament_install'
[0.543s] Level 1:colcon.colcon_core.package_identification:_identify(src/mobile_robot_sim) by extensions ['colcon_pkg']
[0.543s] Level 1:colcon.colcon_core.package_identification:_identify(src/mobile_robot_sim) by extension 'colcon_pkg'
[0.543s] Level 1:colcon.colcon_core.package_identification:_identify(src/mobile_robot_sim) by extensions ['colcon_meta']
[0.543s] Level 1:colcon.colcon_core.package_identification:_identify(src/mobile_robot_sim) by extension 'colcon_meta'
[0.543s] Level 1:colcon.colcon_core.package_identification:_identify(src/mobile_robot_sim) by extensions ['ros']
[0.543s] Level 1:colcon.colcon_core.package_identification:_identify(src/mobile_robot_sim) by extension 'ros'
[0.548s] DEBUG:colcon.colcon_core.package_identification:Package 'src/mobile_robot_sim' with type 'ros.ament_cmake' and name 'mobile_robot_sim'
[0.548s] Level 1:colcon.colcon_core.package_discovery:discover_packages(recursive) using defaults
[0.548s] Level 1:colcon.colcon_core.package_discovery:discover_packages(ignore) discover
[0.548s] Level 1:colcon.colcon_core.package_discovery:discover_packages(ignore) using defaults
[0.548s] Level 1:colcon.colcon_core.package_discovery:discover_packages(path) discover
[0.548s] Level 1:colcon.colcon_core.package_discovery:discover_packages(path) using defaults
[0.576s] Level 1:colcon.colcon_core.package_discovery:discover_packages(prefix_path) check parameters
[0.577s] Level 1:colcon.colcon_core.package_discovery:discover_packages(prefix_path) discover
[0.581s] DEBUG:colcon.colcon_installed_package_information.package_discovery:Found 370 installed packages in /opt/ros/jazzy
[0.584s] Level 1:colcon.colcon_core.package_discovery:discover_packages(prefix_path) using defaults
[0.661s] Level 5:colcon.colcon_core.verb:set package 'mobile_robot_sim' build argument 'cmake_args' from command line to 'None'
[0.661s] Level 5:colcon.colcon_core.verb:set package 'mobile_robot_sim' build argument 'cmake_target' from command line to 'None'
[0.661s] Level 5:colcon.colcon_core.verb:set package 'mobile_robot_sim' build argument 'cmake_target_skip_unavailable' from command line to 'False'
[0.661s] Level 5:colcon.colcon_core.verb:set package 'mobile_robot_sim' build argument 'cmake_clean_cache' from command line to 'False'
[0.661s] Level 5:colcon.colcon_core.verb:set package 'mobile_robot_sim' build argument 'cmake_clean_first' from command line to 'False'
[0.661s] Level 5:colcon.colcon_core.verb:set package 'mobile_robot_sim' build argument 'cmake_force_configure' from command line to 'False'
[0.661s] Level 5:colcon.colcon_core.verb:set package 'mobile_robot_sim' build argument 'ament_cmake_args' from command line to 'None'
[0.661s] Level 5:colcon.colcon_core.verb:set package 'mobile_robot_sim' build argument 'catkin_cmake_args' from command line to 'None'
[0.661s] Level 5:colcon.colcon_core.verb:set package 'mobile_robot_sim' build argument 'catkin_skip_building_tests' from command line to 'False'
[0.661s] DEBUG:colcon.colcon_core.verb:Building package 'mobile_robot_sim' with the following arguments: {'ament_cmake_args': None, 'build_base': '/home/nounou/motiv/build/mobile_robot_sim', 'catkin_cmake_args': None, 'catkin_skip_building_tests': False, 'cmake_args': None, 'cmake_clean_cache': False, 'cmake_clean_first': False, 'cmake_force_configure': False, 'cmake_target': None, 'cmake_target_skip_unavailable': False, 'install_base': '/home/nounou/motiv/install/mobile_robot_sim', 'merge_install': False, 'path': '/home/nounou/motiv/src/mobile_robot_sim', 'symlink_install': False, 'test_result_base': None}
[0.662s] INFO:colcon.colcon_core.executor:Executing jobs using 'parallel' executor
[0.664s] DEBUG:colcon.colcon_parallel_executor.executor.parallel:run_until_complete
[0.664s] INFO:colcon.colcon_ros.task.ament_cmake.build:Building ROS package in '/home/nounou/motiv/src/mobile_robot_sim' with build type 'ament_cmake'
[0.664s] INFO:colcon.colcon_cmake.task.cmake.build:Building CMake package in '/home/nounou/motiv/src/mobile_robot_sim'
[0.668s] INFO:colcon.colcon_core.plugin_system:Skipping extension 'colcon_core.shell.bat': Not used on non-Windows systems
[0.668s] INFO:colcon.colcon_core.shell:Skip shell extension 'powershell' for command environment: Not usable outside of PowerShell
[0.668s] DEBUG:colcon.colcon_core.shell:Skip shell extension 'dsv' for command environment
[0.688s] DEBUG:colcon.colcon_core.event_handler.log_command:Invoking command in '/home/nounou/motiv/build/mobile_robot_sim': CMAKE_PREFIX_PATH=${CMAKE_PREFIX_PATH}:/opt/ros/jazzy /usr/bin/cmake --build /home/nounou/motiv/build/mobile_robot_sim -- -j16 -l16
[3.686s] DEBUG:colcon.colcon_core.event_handler.log_command:Invoked command in '/home/nounou/motiv/build/mobile_robot_sim' returned '0': CMAKE_PREFIX_PATH=${CMAKE_PREFIX_PATH}:/opt/ros/jazzy /usr/bin/cmake --build /home/nounou/motiv/build/mobile_robot_sim -- -j16 -l16
[3.711s] DEBUG:colcon.colcon_core.event_handler.log_command:Invoking command in '/home/nounou/motiv/build/mobile_robot_sim': CMAKE_PREFIX_PATH=${CMAKE_PREFIX_PATH}:/opt/ros/jazzy /usr/bin/cmake --install /home/nounou/motiv/build/mobile_robot_sim
[3.747s] Level 1:colcon.colcon_core.environment:create_environment_scripts_only(mobile_robot_sim)
[3.748s] DEBUG:colcon.colcon_core.event_handler.log_command:Invoked command in '/home/nounou/motiv/build/mobile_robot_sim' returned '0': CMAKE_PREFIX_PATH=${CMAKE_PREFIX_PATH}:/opt/ros/jazzy /usr/bin/cmake --install /home/nounou/motiv/build/mobile_robot_sim
[3.752s] Level 1:colcon.colcon_core.environment:checking '/home/nounou/motiv/install/mobile_robot_sim' for CMake module files
[3.753s] Level 1:colcon.colcon_core.environment:checking '/home/nounou/motiv/install/mobile_robot_sim' for CMake config files
[3.754s] Level 1:colcon.colcon_core.shell:create_environment_hook('mobile_robot_sim', 'cmake_prefix_path')
[3.754s] INFO:colcon.colcon_core.shell:Creating environment hook '/home/nounou/motiv/install/mobile_robot_sim/share/mobile_robot_sim/hook/cmake_prefix_path.ps1'
[3.755s] INFO:colcon.colcon_core.shell:Creating environment descriptor '/home/nounou/motiv/install/mobile_robot_sim/share/mobile_robot_sim/hook/cmake_prefix_path.dsv'
[3.756s] INFO:colcon.colcon_core.shell:Creating environment hook '/home/nounou/motiv/install/mobile_robot_sim/share/mobile_robot_sim/hook/cmake_prefix_path.sh'
[3.758s] Level 1:colcon.colcon_core.environment:checking '/home/nounou/motiv/install/mobile_robot_sim/lib'
[3.758s] Level 1:colcon.colcon_core.environment:checking '/home/nounou/motiv/install/mobile_robot_sim/bin'
[3.758s] Level 1:colcon.colcon_core.environment:checking '/home/nounou/motiv/install/mobile_robot_sim/lib/pkgconfig/mobile_robot_sim.pc'
[3.758s] Level 1:colcon.colcon_core.environment:checking '/home/nounou/motiv/install/mobile_robot_sim/lib/python3.12/site-packages'
[3.759s] Level 1:colcon.colcon_core.environment:checking '/home/nounou/motiv/install/mobile_robot_sim/bin'
[3.759s] INFO:colcon.colcon_core.shell:Creating package script '/home/nounou/motiv/install/mobile_robot_sim/share/mobile_robot_sim/package.ps1'
[3.761s] INFO:colcon.colcon_core.shell:Creating package descriptor '/home/nounou/motiv/install/mobile_robot_sim/share/mobile_robot_sim/package.dsv'
[3.762s] INFO:colcon.colcon_core.shell:Creating package script '/home/nounou/motiv/install/mobile_robot_sim/share/mobile_robot_sim/package.sh'
[3.763s] INFO:colcon.colcon_core.shell:Creating package script '/home/nounou/motiv/install/mobile_robot_sim/share/mobile_robot_sim/package.bash'
[3.764s] INFO:colcon.colcon_core.shell:Creating package script '/home/nounou/motiv/install/mobile_robot_sim/share/mobile_robot_sim/package.zsh'
[3.765s] Level 1:colcon.colcon_core.environment:create_file_with_runtime_dependencies(/home/nounou/motiv/install/mobile_robot_sim/share/colcon-core/packages/mobile_robot_sim)
[3.766s] Level 1:colcon.colcon_core.environment:create_environment_scripts_only(mobile_robot_sim)
[3.767s] Level 1:colcon.colcon_core.environment:checking '/home/nounou/motiv/install/mobile_robot_sim' for CMake module files
[3.768s] Level 1:colcon.colcon_core.environment:checking '/home/nounou/motiv/install/mobile_robot_sim' for CMake config files
[3.768s] Level 1:colcon.colcon_core.shell:create_environment_hook('mobile_robot_sim', 'cmake_prefix_path')
[3.769s] INFO:colcon.colcon_core.shell:Creating environment hook '/home/nounou/motiv/install/mobile_robot_sim/share/mobile_robot_sim/hook/cmake_prefix_path.ps1'
[3.769s] INFO:colcon.colcon_core.shell:Creating environment descriptor '/home/nounou/motiv/install/mobile_robot_sim/share/mobile_robot_sim/hook/cmake_prefix_path.dsv'
[3.770s] INFO:colcon.colcon_core.shell:Creating environment hook '/home/nounou/motiv/install/mobile_robot_sim/share/mobile_robot_sim/hook/cmake_prefix_path.sh'
[3.771s] Level 1:colcon.colcon_core.environment:checking '/home/nounou/motiv/install/mobile_robot_sim/lib'
[3.771s] Level 1:colcon.colcon_core.environment:checking '/home/nounou/motiv/install/mobile_robot_sim/bin'
[3.771s] Level 1:colcon.colcon_core.environment:checking '/home/nounou/motiv/install/mobile_robot_sim/lib/pkgconfig/mobile_robot_sim.pc'
[3.771s] Level 1:colcon.colcon_core.environment:checking '/home/nounou/motiv/install/mobile_robot_sim/lib/python3.12/site-packages'
[3.772s] Level 1:colcon.colcon_core.environment:checking '/home/nounou/motiv/install/mobile_robot_sim/bin'
[3.772s] INFO:colcon.colcon_core.shell:Creating package script '/home/nounou/motiv/install/mobile_robot_sim/share/mobile_robot_sim/package.ps1'
[3.773s] INFO:colcon.colcon_core.shell:Creating package descriptor '/home/nounou/motiv/install/mobile_robot_sim/share/mobile_robot_sim/package.dsv'
[3.773s] INFO:colcon.colcon_core.shell:Creating package script '/home/nounou/motiv/install/mobile_robot_sim/share/mobile_robot_sim/package.sh'
[3.774s] INFO:colcon.colcon_core.shell:Creating package script '/home/nounou/motiv/install/mobile_robot_sim/share/mobile_robot_sim/package.bash'
[3.775s] INFO:colcon.colcon_core.shell:Creating package script '/home/nounou/motiv/install/mobile_robot_sim/share/mobile_robot_sim/package.zsh'
[3.775s] Level 1:colcon.colcon_core.environment:create_file_with_runtime_dependencies(/home/nounou/motiv/install/mobile_robot_sim/share/colcon-core/packages/mobile_robot_sim)
[3.776s] DEBUG:colcon.colcon_parallel_executor.executor.parallel:closing loop
[3.777s] DEBUG:colcon.colcon_parallel_executor.executor.parallel:loop closed
[3.777s] DEBUG:colcon.colcon_parallel_executor.executor.parallel:run_until_complete finished with '0'
[3.778s] DEBUG:colcon.colcon_core.event_reactor:joining thread
[3.899s] INFO:colcon.colcon_core.plugin_system:Skipping extension 'colcon_notification.desktop_notification.notify_send': Could not find 'notify-send'
[3.899s] INFO:colcon.colcon_core.plugin_system:Skipping extension 'colcon_notification.desktop_notification.terminal_notifier': Not used on non-Darwin systems
[3.899s] INFO:colcon.colcon_core.plugin_system:Skipping extension 'colcon_notification.desktop_notification.win32': Not used on non-Windows systems
[3.899s] INFO:colcon.colcon_notification.desktop_notification:Sending desktop notification using 'notify2'
[3.901s] DEBUG:colcon.colcon_notification.desktop_notification.notify2:Failed to initialize notify2: org.freedesktop.DBus.Error.ServiceUnknown: The name org.freedesktop.Notifications was not provided by any .service files
[3.901s] DEBUG:colcon.colcon_core.event_reactor:joined thread
[3.902s] INFO:colcon.colcon_core.shell:Creating prefix script '/home/nounou/motiv/install/local_setup.ps1'
[3.903s] INFO:colcon.colcon_core.shell:Creating prefix util module '/home/nounou/motiv/install/_local_setup_util_ps1.py'
[3.904s] INFO:colcon.colcon_core.shell:Creating prefix chain script '/home/nounou/motiv/install/setup.ps1'
[3.906s] INFO:colcon.colcon_core.shell:Creating prefix script '/home/nounou/motiv/install/local_setup.sh'
[3.907s] INFO:colcon.colcon_core.shell:Creating prefix util module '/home/nounou/motiv/install/_local_setup_util_sh.py'
[3.908s] INFO:colcon.colcon_core.shell:Creating prefix chain script '/home/nounou/motiv/install/setup.sh'
[3.910s] INFO:colcon.colcon_core.shell:Creating prefix script '/home/nounou/motiv/install/local_setup.bash'
[3.911s] INFO:colcon.colcon_core.shell:Creating prefix chain script '/home/nounou/motiv/install/setup.bash'
[3.913s] INFO:colcon.colcon_core.shell:Creating prefix script '/home/nounou/motiv/install/local_setup.zsh'
[3.914s] INFO:colcon.colcon_core.shell:Creating prefix chain script '/home/nounou/motiv/install/setup.zsh'
