[0.008s] Invoking command in '/home/zeinazz/design_ws/build/mobile_robot_sim': /usr/bin/cmake --build /home/zeinazz/design_ws/build/mobile_robot_sim -- -j20 -l20
[0.023s] -- Found ament_cmake: 2.5.4 (/opt/ros/jazzy/share/ament_cmake/cmake)
[1.729s] Traceback (most recent call last):
[1.729s]   File "/opt/ros/jazzy/share/ament_cmake_core/cmake/package_templates/templates_2_cmake.py", line 21, in <module>
[1.729s]     from ament_package.templates import get_environment_hook_template_path
[1.729s] ModuleNotFoundError: No module named 'ament_package'
[1.753s] CMake Error at /opt/ros/jazzy/share/ament_cmake_core/cmake/ament_cmake_package_templates-extras.cmake:41 (message):
[1.753s]   execute_process(/usr/bin/python3
[1.753s]   /opt/ros/jazzy/share/ament_cmake_core/cmake/package_templates/templates_2_cmake.py
[1.754s]   /home/zeinazz/design_ws/build/mobile_robot_sim/ament_cmake_package_templates/templates.cmake)
[1.755s]   returned error code 1
[1.755s] Call Stack (most recent call first):
[1.755s]   /opt/ros/jazzy/share/ament_cmake_core/cmake/ament_cmake_coreConfig.cmake:41 (include)
[1.755s]   /opt/ros/jazzy/share/ament_cmake/cmake/ament_cmake_export_dependencies-extras.cmake:15 (find_package)
[1.755s]   /opt/ros/jazzy/share/ament_cmake/cmake/ament_cmakeConfig.cmake:41 (include)
[1.755s]   CMakeLists.txt:9 (find_package)
[1.755s] 
[1.755s] 
[1.755s] -- Configuring incomplete, errors occurred!
[1.756s] gmake: *** [Makefile:226: cmake_check_build_system] Error 1
[1.757s] Invoked command in '/home/zeinazz/design_ws/build/mobile_robot_sim' returned '2': /usr/bin/cmake --build /home/zeinazz/design_ws/build/mobile_robot_sim -- -j20 -l20
