[0.032s] Invoking command in '/home/nounou/motiv/build/mobile_robot_sim': CMAKE_PREFIX_PATH=${CMAKE_PREFIX_PATH}:/opt/ros/jazzy /usr/bin/cmake --build /home/nounou/motiv/build/mobile_robot_sim -- -j16 -l16
[0.143s] -- Found ament_cmake: 2.5.4 (/opt/ros/jazzy/share/ament_cmake/cmake)
[0.777s] -- Found ament_lint_auto: 0.17.3 (/opt/ros/jazzy/share/ament_lint_auto/cmake)
[1.042s] -- Added test 'copyright' to check source files copyright and LICENSE
[1.060s] -- Added test 'flake8' to check Python code syntax and style conventions
[1.060s] -- Configured 'flake8' exclude dirs and/or files: 
[1.062s] -- Added test 'lint_cmake' to check CMake code style
[1.065s] -- Added test 'pep257' to check Python code against some of the docstring style conventions in PEP 257
[1.074s] -- Added test 'xmllint' to check XML markup files
[1.078s] -- Configuring done (1.0s)
[1.097s] -- Generating done (0.0s)
[1.106s] -- Build files have been written to: /home/nounou/motiv/build/mobile_robot_sim
[1.187s] Invoked command in '/home/nounou/motiv/build/mobile_robot_sim' returned '0': CMAKE_PREFIX_PATH=${CMAKE_PREFIX_PATH}:/opt/ros/jazzy /usr/bin/cmake --build /home/nounou/motiv/build/mobile_robot_sim -- -j16 -l16
[1.226s] Invoking command in '/home/nounou/motiv/build/mobile_robot_sim': CMAKE_PREFIX_PATH=${CMAKE_PREFIX_PATH}:/opt/ros/jazzy /usr/bin/cmake --install /home/nounou/motiv/build/mobile_robot_sim
[1.258s] -- Install configuration: ""
[1.258s] -- Up-to-date: /home/nounou/motiv/install/mobile_robot_sim/share/mobile_robot_sim/urdf
[1.258s] -- Installing: /home/nounou/motiv/install/mobile_robot_sim/share/mobile_robot_sim/urdf/DeliveryRobot_2.urdf
[1.259s] -- Up-to-date: /home/nounou/motiv/install/mobile_robot_sim/share/mobile_robot_sim/urdf/DeliveryRobot_2.csv
[1.260s] -- Up-to-date: /home/nounou/motiv/install/mobile_robot_sim/share/mobile_robot_sim/meshes
[1.261s] -- Up-to-date: /home/nounou/motiv/install/mobile_robot_sim/share/mobile_robot_sim/meshes/FL_Wheel.STL
[1.262s] -- Up-to-date: /home/nounou/motiv/install/mobile_robot_sim/share/mobile_robot_sim/meshes/RL_Wheel.STL
[1.263s] -- Up-to-date: /home/nounou/motiv/install/mobile_robot_sim/share/mobile_robot_sim/meshes/FR_Wheel.STL
[1.263s] -- Up-to-date: /home/nounou/motiv/install/mobile_robot_sim/share/mobile_robot_sim/meshes/Lid.STL
[1.264s] -- Up-to-date: /home/nounou/motiv/install/mobile_robot_sim/share/mobile_robot_sim/meshes/RR_Wheel.STL
[1.264s] -- Up-to-date: /home/nounou/motiv/install/mobile_robot_sim/share/mobile_robot_sim/meshes/RobotBody.STL
[1.265s] -- Up-to-date: /home/nounou/motiv/install/mobile_robot_sim/share/mobile_robot_sim/launch
[1.265s] -- Up-to-date: /home/nounou/motiv/install/mobile_robot_sim/share/mobile_robot_sim/launch/display.launch
[1.265s] -- Up-to-date: /home/nounou/motiv/install/mobile_robot_sim/share/mobile_robot_sim/launch/gazebo.launch
[1.266s] -- Up-to-date: /home/nounou/motiv/install/mobile_robot_sim/share/mobile_robot_sim/launch/__pycache__
[1.266s] -- Installing: /home/nounou/motiv/install/mobile_robot_sim/share/mobile_robot_sim/launch/__pycache__/robot_gazebo.launch.cpython-312.pyc
[1.267s] -- Installing: /home/nounou/motiv/install/mobile_robot_sim/share/mobile_robot_sim/launch/robot_gazebo.launch.py
[1.268s] -- Up-to-date: /home/nounou/motiv/install/mobile_robot_sim/share/mobile_robot_sim/config
[1.268s] -- Up-to-date: /home/nounou/motiv/install/mobile_robot_sim/share/mobile_robot_sim/config/ekf_config.yaml
[1.270s] -- Up-to-date: /home/nounou/motiv/install/mobile_robot_sim/share/mobile_robot_sim/config/joint_names_DeliveryRobot_2.0(URDF).yaml
[1.270s] -- Up-to-date: /home/nounou/motiv/install/mobile_robot_sim/share/mobile_robot_sim/config/controllers.yaml
[1.271s] -- Up-to-date: /home/nounou/motiv/install/mobile_robot_sim/share/mobile_robot_sim/world
[1.271s] -- Installing: /home/nounou/motiv/install/mobile_robot_sim/share/mobile_robot_sim/world/my_world.sdf
[1.272s] -- Up-to-date: /home/nounou/motiv/install/mobile_robot_sim/share/mobile_robot_sim/scripts
[1.272s] -- Installing: /home/nounou/motiv/install/mobile_robot_sim/share/mobile_robot_sim/scripts/obstacle_navigator.py
[1.272s] -- Up-to-date: /home/nounou/motiv/install/mobile_robot_sim/share/mobile_robot_sim/scripts/test_cmd_vel.py
[1.272s] -- Up-to-date: /home/nounou/motiv/install/mobile_robot_sim/share/mobile_robot_sim/scripts/goal_sender_node.py
[1.272s] -- Up-to-date: /home/nounou/motiv/install/mobile_robot_sim/share/mobile_robot_sim/scripts/test_movements.py
[1.273s] -- Up-to-date: /home/nounou/motiv/install/mobile_robot_sim/share/mobile_robot_sim/scripts/test_lid.py
[1.274s] -- Up-to-date: /home/nounou/motiv/install/mobile_robot_sim/share/mobile_robot_sim/scripts/lid_control_node.py
[1.274s] -- Up-to-date: /home/nounou/motiv/install/mobile_robot_sim/share/mobile_robot_sim/scripts/mecanum_drive_node.py
[1.274s] -- Up-to-date: /home/nounou/motiv/install/mobile_robot_sim/share/mobile_robot_sim/scripts/start_stop_node.py
[1.274s] -- Up-to-date: /home/nounou/motiv/install/mobile_robot_sim/share/mobile_robot_sim/scripts/test_obstacle.py
[1.281s] -- Up-to-date: /home/nounou/motiv/install/mobile_robot_sim/share/mobile_robot_sim/scripts/obstacle_avoidance.py
[1.281s] -- Up-to-date: /home/nounou/motiv/install/mobile_robot_sim/lib/mobile_robot_sim/obstacle_avoidance.py
[1.282s] -- Installing: /home/nounou/motiv/install/mobile_robot_sim/lib/mobile_robot_sim/obstacle_navigator.py
[1.282s] -- Up-to-date: /home/nounou/motiv/install/mobile_robot_sim/lib/mobile_robot_sim/mecanum_drive_node.py
[1.282s] -- Up-to-date: /home/nounou/motiv/install/mobile_robot_sim/lib/mobile_robot_sim/goal_sender_node.py
[1.283s] -- Up-to-date: /home/nounou/motiv/install/mobile_robot_sim/lib/mobile_robot_sim/lid_control_node.py
[1.284s] -- Up-to-date: /home/nounou/motiv/install/mobile_robot_sim/lib/mobile_robot_sim/start_stop_node.py
[1.284s] -- Up-to-date: /home/nounou/motiv/install/mobile_robot_sim/lib/mobile_robot_sim/test_cmd_vel.py
[1.284s] -- Up-to-date: /home/nounou/motiv/install/mobile_robot_sim/lib/mobile_robot_sim/test_lid.py
[1.285s] -- Up-to-date: /home/nounou/motiv/install/mobile_robot_sim/lib/mobile_robot_sim/test_obstacle.py
[1.285s] -- Up-to-date: /home/nounou/motiv/install/mobile_robot_sim/lib/mobile_robot_sim/test_movements.py
[1.285s] -- Up-to-date: /home/nounou/motiv/install/mobile_robot_sim/share/ament_index/resource_index/package_run_dependencies/mobile_robot_sim
[1.286s] -- Up-to-date: /home/nounou/motiv/install/mobile_robot_sim/share/ament_index/resource_index/parent_prefix_path/mobile_robot_sim
[1.287s] -- Up-to-date: /home/nounou/motiv/install/mobile_robot_sim/share/mobile_robot_sim/environment/ament_prefix_path.sh
[1.288s] -- Up-to-date: /home/nounou/motiv/install/mobile_robot_sim/share/mobile_robot_sim/environment/ament_prefix_path.dsv
[1.288s] -- Up-to-date: /home/nounou/motiv/install/mobile_robot_sim/share/mobile_robot_sim/environment/path.sh
[1.288s] -- Up-to-date: /home/nounou/motiv/install/mobile_robot_sim/share/mobile_robot_sim/environment/path.dsv
[1.289s] -- Up-to-date: /home/nounou/motiv/install/mobile_robot_sim/share/mobile_robot_sim/local_setup.bash
[1.290s] -- Up-to-date: /home/nounou/motiv/install/mobile_robot_sim/share/mobile_robot_sim/local_setup.sh
[1.290s] -- Up-to-date: /home/nounou/motiv/install/mobile_robot_sim/share/mobile_robot_sim/local_setup.zsh
[1.291s] -- Up-to-date: /home/nounou/motiv/install/mobile_robot_sim/share/mobile_robot_sim/local_setup.dsv
[1.292s] -- Installing: /home/nounou/motiv/install/mobile_robot_sim/share/mobile_robot_sim/package.dsv
[1.293s] -- Up-to-date: /home/nounou/motiv/install/mobile_robot_sim/share/ament_index/resource_index/packages/mobile_robot_sim
[1.294s] -- Up-to-date: /home/nounou/motiv/install/mobile_robot_sim/share/mobile_robot_sim/cmake/mobile_robot_simConfig.cmake
[1.295s] -- Up-to-date: /home/nounou/motiv/install/mobile_robot_sim/share/mobile_robot_sim/cmake/mobile_robot_simConfig-version.cmake
[1.295s] -- Up-to-date: /home/nounou/motiv/install/mobile_robot_sim/share/mobile_robot_sim/package.xml
[1.296s] Invoked command in '/home/nounou/motiv/build/mobile_robot_sim' returned '0': CMAKE_PREFIX_PATH=${CMAKE_PREFIX_PATH}:/opt/ros/jazzy /usr/bin/cmake --install /home/nounou/motiv/build/mobile_robot_sim
