[0.743s] DEBUG:colcon:Command line arguments: ['/usr/bin/colcon', 'build', '--packages-select', 'mobile_robot_sim']
[0.744s] DEBUG:colcon:Parsed command line arguments: Namespace(log_base=None, log_level=None, verb_name='build', build_base='build', install_base='install', merge_install=False, symlink_install=False, test_result_base=None, continue_on_error=False, executor='parallel', parallel_workers=16, event_handlers=None, ignore_user_meta=False, metas=['./colcon.meta'], base_paths=['.'], packages_ignore=None, packages_ignore_regex=None, paths=None, packages_up_to=None, packages_up_to_regex=None, packages_above=None, packages_above_and_dependencies=None, packages_above_depth=None, packages_select_by_dep=None, packages_skip_by_dep=None, packages_skip_up_to=None, packages_select_build_failed=False, packages_skip_build_finished=False, packages_select_test_failures=False, packages_skip_test_passed=False, packages_select=['mobile_robot_sim'], packages_skip=None, packages_select_regex=None, packages_skip_regex=None, packages_start=None, packages_end=None, allow_overriding=[], cmake_args=None, cmake_target=None, cmake_target_skip_unavailable=False, cmake_clean_cache=False, cmake_clean_first=False, cmake_force_configure=False, ament_cmake_args=None, catkin_cmake_args=None, catkin_skip_building_tests=False, mixin_files=None, mixin=None, verb_parser=<colcon_mixin.mixin.mixin_argument.MixinArgumentDecorator object at 0x73dfc8182450>, verb_extension=<colcon_core.verb.build.BuildVerb object at 0x73dfc8181e20>, main=<bound method BuildVerb.main of <colcon_core.verb.build.BuildVerb object at 0x73dfc8181e20>>, mixin_verb=('build',))
[0.894s] Level 1:colcon.colcon_core.package_discovery:discover_packages(colcon_meta) check parameters
[0.895s] Level 1:colcon.colcon_core.package_discovery:discover_packages(recursive) check parameters
[0.895s] Level 1:colcon.colcon_core.package_discovery:discover_packages(ignore) check parameters
[0.895s] Level 1:colcon.colcon_core.package_discovery:discover_packages(path) check parameters
[0.895s] Level 1:colcon.colcon_core.package_discovery:discover_packages(colcon_meta) discover
[0.895s] Level 1:colcon.colcon_core.package_discovery:discover_packages(recursive) discover
[0.895s] INFO:colcon.colcon_core.package_discovery:Crawling recursively for packages in '/home/nounou/motiv'
[0.895s] Level 1:colcon.colcon_core.package_identification:_identify(.) by extensions ['ignore', 'ignore_ament_install']
[0.896s] Level 1:colcon.colcon_core.package_identification:_identify(.) by extension 'ignore'
[0.896s] Level 1:colcon.colcon_core.package_identification:_identify(.) by extension 'ignore_ament_install'
[0.896s] Level 1:colcon.colcon_core.package_identification:_identify(.) by extensions ['colcon_pkg']
[0.896s] Level 1:colcon.colcon_core.package_identification:_identify(.) by extension 'colcon_pkg'
[0.896s] Level 1:colcon.colcon_core.package_identification:_identify(.) by extensions ['colcon_meta']
[0.896s] Level 1:colcon.colcon_core.package_identification:_identify(.) by extension 'colcon_meta'
[0.897s] Level 1:colcon.colcon_core.package_identification:_identify(.) by extensions ['ros']
[0.897s] Level 1:colcon.colcon_core.package_identification:_identify(.) by extension 'ros'
[0.969s] Level 1:colcon.colcon_core.package_identification:_identify(.) by extensions ['cmake', 'python']
[0.969s] Level 1:colcon.colcon_core.package_identification:_identify(.) by extension 'cmake'
[0.969s] Level 1:colcon.colcon_core.package_identification:_identify(.) by extension 'python'
[0.969s] Level 1:colcon.colcon_core.package_identification:_identify(.) by extensions ['python_setup_py']
[0.969s] Level 1:colcon.colcon_core.package_identification:_identify(.) by extension 'python_setup_py'
[0.970s] Level 1:colcon.colcon_core.package_identification:_identify(build) by extensions ['ignore', 'ignore_ament_install']
[0.970s] Level 1:colcon.colcon_core.package_identification:_identify(build) by extension 'ignore'
[0.970s] Level 1:colcon.colcon_core.package_identification:_identify(build) ignored
[0.970s] Level 1:colcon.colcon_core.package_identification:_identify(install) by extensions ['ignore', 'ignore_ament_install']
[0.971s] Level 1:colcon.colcon_core.package_identification:_identify(install) by extension 'ignore'
[0.971s] Level 1:colcon.colcon_core.package_identification:_identify(install) ignored
[0.971s] Level 1:colcon.colcon_core.package_identification:_identify(log) by extensions ['ignore', 'ignore_ament_install']
[0.971s] Level 1:colcon.colcon_core.package_identification:_identify(log) by extension 'ignore'
[0.971s] Level 1:colcon.colcon_core.package_identification:_identify(log) ignored
[0.971s] Level 1:colcon.colcon_core.package_identification:_identify(src) by extensions ['ignore', 'ignore_ament_install']
[0.972s] Level 1:colcon.colcon_core.package_identification:_identify(src) by extension 'ignore'
[0.972s] Level 1:colcon.colcon_core.package_identification:_identify(src) by extension 'ignore_ament_install'
[0.972s] Level 1:colcon.colcon_core.package_identification:_identify(src) by extensions ['colcon_pkg']
[0.972s] Level 1:colcon.colcon_core.package_identification:_identify(src) by extension 'colcon_pkg'
[0.972s] Level 1:colcon.colcon_core.package_identification:_identify(src) by extensions ['colcon_meta']
[0.972s] Level 1:colcon.colcon_core.package_identification:_identify(src) by extension 'colcon_meta'
[0.972s] Level 1:colcon.colcon_core.package_identification:_identify(src) by extensions ['ros']
[0.972s] Level 1:colcon.colcon_core.package_identification:_identify(src) by extension 'ros'
[0.973s] Level 1:colcon.colcon_core.package_identification:_identify(src) by extensions ['cmake', 'python']
[0.973s] Level 1:colcon.colcon_core.package_identification:_identify(src) by extension 'cmake'
[0.973s] Level 1:colcon.colcon_core.package_identification:_identify(src) by extension 'python'
[0.973s] Level 1:colcon.colcon_core.package_identification:_identify(src) by extensions ['python_setup_py']
[0.973s] Level 1:colcon.colcon_core.package_identification:_identify(src) by extension 'python_setup_py'
[0.973s] Level 1:colcon.colcon_core.package_identification:_identify(src/mobile_robot_sim) by extensions ['ignore', 'ignore_ament_install']
[0.974s] Level 1:colcon.colcon_core.package_identification:_identify(src/mobile_robot_sim) by extension 'ignore'
[0.974s] Level 1:colcon.colcon_core.package_identification:_identify(src/mobile_robot_sim) by extension 'ignore_ament_install'
[0.974s] Level 1:colcon.colcon_core.package_identification:_identify(src/mobile_robot_sim) by extensions ['colcon_pkg']
[0.974s] Level 1:colcon.colcon_core.package_identification:_identify(src/mobile_robot_sim) by extension 'colcon_pkg'
[0.974s] Level 1:colcon.colcon_core.package_identification:_identify(src/mobile_robot_sim) by extensions ['colcon_meta']
[0.974s] Level 1:colcon.colcon_core.package_identification:_identify(src/mobile_robot_sim) by extension 'colcon_meta'
[0.974s] Level 1:colcon.colcon_core.package_identification:_identify(src/mobile_robot_sim) by extensions ['ros']
[0.974s] Level 1:colcon.colcon_core.package_identification:_identify(src/mobile_robot_sim) by extension 'ros'
[0.983s] DEBUG:colcon.colcon_core.package_identification:Package 'src/mobile_robot_sim' with type 'ros.ament_cmake' and name 'mobile_robot_sim'
[0.983s] Level 1:colcon.colcon_core.package_discovery:discover_packages(recursive) using defaults
[0.983s] Level 1:colcon.colcon_core.package_discovery:discover_packages(ignore) discover
[0.983s] Level 1:colcon.colcon_core.package_discovery:discover_packages(ignore) using defaults
[0.983s] Level 1:colcon.colcon_core.package_discovery:discover_packages(path) discover
[0.983s] Level 1:colcon.colcon_core.package_discovery:discover_packages(path) using defaults
[1.045s] Level 1:colcon.colcon_core.package_discovery:discover_packages(prefix_path) check parameters
[1.045s] Level 1:colcon.colcon_core.package_discovery:discover_packages(prefix_path) discover
[1.058s] DEBUG:colcon.colcon_installed_package_information.package_discovery:Found 370 installed packages in /opt/ros/jazzy
[1.061s] Level 1:colcon.colcon_core.package_discovery:discover_packages(prefix_path) using defaults
[1.289s] Level 5:colcon.colcon_core.verb:set package 'mobile_robot_sim' build argument 'cmake_args' from command line to 'None'
[1.289s] Level 5:colcon.colcon_core.verb:set package 'mobile_robot_sim' build argument 'cmake_target' from command line to 'None'
[1.290s] Level 5:colcon.colcon_core.verb:set package 'mobile_robot_sim' build argument 'cmake_target_skip_unavailable' from command line to 'False'
[1.290s] Level 5:colcon.colcon_core.verb:set package 'mobile_robot_sim' build argument 'cmake_clean_cache' from command line to 'False'
[1.290s] Level 5:colcon.colcon_core.verb:set package 'mobile_robot_sim' build argument 'cmake_clean_first' from command line to 'False'
[1.290s] Level 5:colcon.colcon_core.verb:set package 'mobile_robot_sim' build argument 'cmake_force_configure' from command line to 'False'
[1.290s] Level 5:colcon.colcon_core.verb:set package 'mobile_robot_sim' build argument 'ament_cmake_args' from command line to 'None'
[1.290s] Level 5:colcon.colcon_core.verb:set package 'mobile_robot_sim' build argument 'catkin_cmake_args' from command line to 'None'
[1.290s] Level 5:colcon.colcon_core.verb:set package 'mobile_robot_sim' build argument 'catkin_skip_building_tests' from command line to 'False'
[1.290s] DEBUG:colcon.colcon_core.verb:Building package 'mobile_robot_sim' with the following arguments: {'ament_cmake_args': None, 'build_base': '/home/nounou/motiv/build/mobile_robot_sim', 'catkin_cmake_args': None, 'catkin_skip_building_tests': False, 'cmake_args': None, 'cmake_clean_cache': False, 'cmake_clean_first': False, 'cmake_force_configure': False, 'cmake_target': None, 'cmake_target_skip_unavailable': False, 'install_base': '/home/nounou/motiv/install/mobile_robot_sim', 'merge_install': False, 'path': '/home/nounou/motiv/src/mobile_robot_sim', 'symlink_install': False, 'test_result_base': None}
[1.290s] INFO:colcon.colcon_core.executor:Executing jobs using 'parallel' executor
[1.292s] DEBUG:colcon.colcon_parallel_executor.executor.parallel:run_until_complete
[1.292s] INFO:colcon.colcon_ros.task.ament_cmake.build:Building ROS package in '/home/nounou/motiv/src/mobile_robot_sim' with build type 'ament_cmake'
[1.292s] INFO:colcon.colcon_cmake.task.cmake.build:Building CMake package in '/home/nounou/motiv/src/mobile_robot_sim'
[1.303s] INFO:colcon.colcon_core.plugin_system:Skipping extension 'colcon_core.shell.bat': Not used on non-Windows systems
[1.303s] INFO:colcon.colcon_core.shell:Skip shell extension 'powershell' for command environment: Not usable outside of PowerShell
[1.303s] DEBUG:colcon.colcon_core.shell:Skip shell extension 'dsv' for command environment
[1.323s] DEBUG:colcon.colcon_core.event_handler.log_command:Invoking command in '/home/nounou/motiv/build/mobile_robot_sim': CMAKE_PREFIX_PATH=${CMAKE_PREFIX_PATH}:/opt/ros/jazzy /usr/bin/cmake --build /home/nounou/motiv/build/mobile_robot_sim -- -j16 -l16
[1.496s] DEBUG:colcon.colcon_core.event_handler.log_command:Invoked command in '/home/nounou/motiv/build/mobile_robot_sim' returned '0': CMAKE_PREFIX_PATH=${CMAKE_PREFIX_PATH}:/opt/ros/jazzy /usr/bin/cmake --build /home/nounou/motiv/build/mobile_robot_sim -- -j16 -l16
[1.524s] DEBUG:colcon.colcon_core.event_handler.log_command:Invoking command in '/home/nounou/motiv/build/mobile_robot_sim': CMAKE_PREFIX_PATH=${CMAKE_PREFIX_PATH}:/opt/ros/jazzy /usr/bin/cmake --install /home/nounou/motiv/build/mobile_robot_sim
[1.566s] Level 1:colcon.colcon_core.environment:create_environment_scripts_only(mobile_robot_sim)
[1.567s] DEBUG:colcon.colcon_core.event_handler.log_command:Invoked command in '/home/nounou/motiv/build/mobile_robot_sim' returned '0': CMAKE_PREFIX_PATH=${CMAKE_PREFIX_PATH}:/opt/ros/jazzy /usr/bin/cmake --install /home/nounou/motiv/build/mobile_robot_sim
[1.579s] Level 1:colcon.colcon_core.environment:checking '/home/nounou/motiv/install/mobile_robot_sim' for CMake module files
[1.580s] Level 1:colcon.colcon_core.environment:checking '/home/nounou/motiv/install/mobile_robot_sim' for CMake config files
[1.581s] Level 1:colcon.colcon_core.shell:create_environment_hook('mobile_robot_sim', 'cmake_prefix_path')
[1.581s] INFO:colcon.colcon_core.shell:Creating environment hook '/home/nounou/motiv/install/mobile_robot_sim/share/mobile_robot_sim/hook/cmake_prefix_path.ps1'
[1.583s] INFO:colcon.colcon_core.shell:Creating environment descriptor '/home/nounou/motiv/install/mobile_robot_sim/share/mobile_robot_sim/hook/cmake_prefix_path.dsv'
[1.584s] INFO:colcon.colcon_core.shell:Creating environment hook '/home/nounou/motiv/install/mobile_robot_sim/share/mobile_robot_sim/hook/cmake_prefix_path.sh'
[1.586s] Level 1:colcon.colcon_core.environment:checking '/home/nounou/motiv/install/mobile_robot_sim/lib'
[1.587s] Level 1:colcon.colcon_core.environment:checking '/home/nounou/motiv/install/mobile_robot_sim/bin'
[1.587s] Level 1:colcon.colcon_core.environment:checking '/home/nounou/motiv/install/mobile_robot_sim/lib/pkgconfig/mobile_robot_sim.pc'
[1.587s] Level 1:colcon.colcon_core.environment:checking '/home/nounou/motiv/install/mobile_robot_sim/lib/python3.12/site-packages'
[1.588s] Level 1:colcon.colcon_core.environment:checking '/home/nounou/motiv/install/mobile_robot_sim/bin'
[1.588s] INFO:colcon.colcon_core.shell:Creating package script '/home/nounou/motiv/install/mobile_robot_sim/share/mobile_robot_sim/package.ps1'
[1.590s] INFO:colcon.colcon_core.shell:Creating package descriptor '/home/nounou/motiv/install/mobile_robot_sim/share/mobile_robot_sim/package.dsv'
[1.591s] INFO:colcon.colcon_core.shell:Creating package script '/home/nounou/motiv/install/mobile_robot_sim/share/mobile_robot_sim/package.sh'
[1.593s] INFO:colcon.colcon_core.shell:Creating package script '/home/nounou/motiv/install/mobile_robot_sim/share/mobile_robot_sim/package.bash'
[1.594s] INFO:colcon.colcon_core.shell:Creating package script '/home/nounou/motiv/install/mobile_robot_sim/share/mobile_robot_sim/package.zsh'
[1.596s] Level 1:colcon.colcon_core.environment:create_file_with_runtime_dependencies(/home/nounou/motiv/install/mobile_robot_sim/share/colcon-core/packages/mobile_robot_sim)
[1.597s] Level 1:colcon.colcon_core.environment:create_environment_scripts_only(mobile_robot_sim)
[1.597s] Level 1:colcon.colcon_core.environment:checking '/home/nounou/motiv/install/mobile_robot_sim' for CMake module files
[1.598s] Level 1:colcon.colcon_core.environment:checking '/home/nounou/motiv/install/mobile_robot_sim' for CMake config files
[1.599s] Level 1:colcon.colcon_core.shell:create_environment_hook('mobile_robot_sim', 'cmake_prefix_path')
[1.599s] INFO:colcon.colcon_core.shell:Creating environment hook '/home/nounou/motiv/install/mobile_robot_sim/share/mobile_robot_sim/hook/cmake_prefix_path.ps1'
[1.599s] INFO:colcon.colcon_core.shell:Creating environment descriptor '/home/nounou/motiv/install/mobile_robot_sim/share/mobile_robot_sim/hook/cmake_prefix_path.dsv'
[1.600s] INFO:colcon.colcon_core.shell:Creating environment hook '/home/nounou/motiv/install/mobile_robot_sim/share/mobile_robot_sim/hook/cmake_prefix_path.sh'
[1.601s] Level 1:colcon.colcon_core.environment:checking '/home/nounou/motiv/install/mobile_robot_sim/lib'
[1.601s] Level 1:colcon.colcon_core.environment:checking '/home/nounou/motiv/install/mobile_robot_sim/bin'
[1.602s] Level 1:colcon.colcon_core.environment:checking '/home/nounou/motiv/install/mobile_robot_sim/lib/pkgconfig/mobile_robot_sim.pc'
[1.602s] Level 1:colcon.colcon_core.environment:checking '/home/nounou/motiv/install/mobile_robot_sim/lib/python3.12/site-packages'
[1.603s] Level 1:colcon.colcon_core.environment:checking '/home/nounou/motiv/install/mobile_robot_sim/bin'
[1.603s] INFO:colcon.colcon_core.shell:Creating package script '/home/nounou/motiv/install/mobile_robot_sim/share/mobile_robot_sim/package.ps1'
[1.604s] INFO:colcon.colcon_core.shell:Creating package descriptor '/home/nounou/motiv/install/mobile_robot_sim/share/mobile_robot_sim/package.dsv'
[1.605s] INFO:colcon.colcon_core.shell:Creating package script '/home/nounou/motiv/install/mobile_robot_sim/share/mobile_robot_sim/package.sh'
[1.606s] INFO:colcon.colcon_core.shell:Creating package script '/home/nounou/motiv/install/mobile_robot_sim/share/mobile_robot_sim/package.bash'
[1.606s] INFO:colcon.colcon_core.shell:Creating package script '/home/nounou/motiv/install/mobile_robot_sim/share/mobile_robot_sim/package.zsh'
[1.607s] Level 1:colcon.colcon_core.environment:create_file_with_runtime_dependencies(/home/nounou/motiv/install/mobile_robot_sim/share/colcon-core/packages/mobile_robot_sim)
[1.607s] DEBUG:colcon.colcon_parallel_executor.executor.parallel:closing loop
[1.609s] DEBUG:colcon.colcon_parallel_executor.executor.parallel:loop closed
[1.609s] DEBUG:colcon.colcon_parallel_executor.executor.parallel:run_until_complete finished with '0'
[1.609s] DEBUG:colcon.colcon_core.event_reactor:joining thread
[1.770s] INFO:colcon.colcon_core.plugin_system:Skipping extension 'colcon_notification.desktop_notification.notify_send': Could not find 'notify-send'
[1.771s] INFO:colcon.colcon_core.plugin_system:Skipping extension 'colcon_notification.desktop_notification.terminal_notifier': Not used on non-Darwin systems
[1.771s] INFO:colcon.colcon_core.plugin_system:Skipping extension 'colcon_notification.desktop_notification.win32': Not used on non-Windows systems
[1.771s] INFO:colcon.colcon_notification.desktop_notification:Sending desktop notification using 'notify2'
[1.788s] DEBUG:colcon.colcon_notification.desktop_notification.notify2:Failed to initialize notify2: org.freedesktop.DBus.Error.ServiceUnknown: The name org.freedesktop.Notifications was not provided by any .service files
[1.788s] DEBUG:colcon.colcon_core.event_reactor:joined thread
[1.789s] INFO:colcon.colcon_core.shell:Creating prefix script '/home/nounou/motiv/install/local_setup.ps1'
[1.791s] INFO:colcon.colcon_core.shell:Creating prefix util module '/home/nounou/motiv/install/_local_setup_util_ps1.py'
[1.793s] INFO:colcon.colcon_core.shell:Creating prefix chain script '/home/nounou/motiv/install/setup.ps1'
[1.795s] INFO:colcon.colcon_core.shell:Creating prefix script '/home/nounou/motiv/install/local_setup.sh'
[1.797s] INFO:colcon.colcon_core.shell:Creating prefix util module '/home/nounou/motiv/install/_local_setup_util_sh.py'
[1.798s] INFO:colcon.colcon_core.shell:Creating prefix chain script '/home/nounou/motiv/install/setup.sh'
[1.800s] INFO:colcon.colcon_core.shell:Creating prefix script '/home/nounou/motiv/install/local_setup.bash'
[1.801s] INFO:colcon.colcon_core.shell:Creating prefix chain script '/home/nounou/motiv/install/setup.bash'
[1.803s] INFO:colcon.colcon_core.shell:Creating prefix script '/home/nounou/motiv/install/local_setup.zsh'
[1.804s] INFO:colcon.colcon_core.shell:Creating prefix chain script '/home/nounou/motiv/install/setup.zsh'
