[0.041s] Invoking command in '/home/nounou/motiv/build/mobile_robot_sim': CMAKE_PREFIX_PATH=${CMAKE_PREFIX_PATH}:/opt/ros/jazzy /usr/bin/cmake --build /home/nounou/motiv/build/mobile_robot_sim -- -j16 -l16
[0.257s] Invoked command in '/home/nounou/motiv/build/mobile_robot_sim' returned '0': CMAKE_PREFIX_PATH=${CMAKE_PREFIX_PATH}:/opt/ros/jazzy /usr/bin/cmake --build /home/nounou/motiv/build/mobile_robot_sim -- -j16 -l16
[0.298s] Invoking command in '/home/nounou/motiv/build/mobile_robot_sim': CMAKE_PREFIX_PATH=${CMAKE_PREFIX_PATH}:/opt/ros/jazzy /usr/bin/cmake --install /home/nounou/motiv/build/mobile_robot_sim
[0.338s] -- Install configuration: ""
[0.338s] -- Up-to-date: /home/nounou/motiv/install/mobile_robot_sim/share/mobile_robot_sim/urdf
[0.338s] -- Up-to-date: /home/nounou/motiv/install/mobile_robot_sim/share/mobile_robot_sim/urdf/DeliveryRobot_2.urdf
[0.339s] -- Up-to-date: /home/nounou/motiv/install/mobile_robot_sim/share/mobile_robot_sim/urdf/DeliveryRobot_2.csv
[0.340s] -- Up-to-date: /home/nounou/motiv/install/mobile_robot_sim/share/mobile_robot_sim/meshes
[0.340s] -- Up-to-date: /home/nounou/motiv/install/mobile_robot_sim/share/mobile_robot_sim/meshes/FL_Wheel.STL
[0.341s] -- Up-to-date: /home/nounou/motiv/install/mobile_robot_sim/share/mobile_robot_sim/meshes/RL_Wheel.STL
[0.342s] -- Up-to-date: /home/nounou/motiv/install/mobile_robot_sim/share/mobile_robot_sim/meshes/FR_Wheel.STL
[0.342s] -- Up-to-date: /home/nounou/motiv/install/mobile_robot_sim/share/mobile_robot_sim/meshes/Lid.STL
[0.343s] -- Up-to-date: /home/nounou/motiv/install/mobile_robot_sim/share/mobile_robot_sim/meshes/RR_Wheel.STL
[0.343s] -- Up-to-date: /home/nounou/motiv/install/mobile_robot_sim/share/mobile_robot_sim/meshes/RobotBody.STL
[0.344s] -- Up-to-date: /home/nounou/motiv/install/mobile_robot_sim/share/mobile_robot_sim/launch
[0.344s] -- Up-to-date: /home/nounou/motiv/install/mobile_robot_sim/share/mobile_robot_sim/launch/display.launch
[0.344s] -- Up-to-date: /home/nounou/motiv/install/mobile_robot_sim/share/mobile_robot_sim/launch/gazebo.launch
[0.344s] -- Up-to-date: /home/nounou/motiv/install/mobile_robot_sim/share/mobile_robot_sim/launch/__pycache__
[0.344s] -- Installing: /home/nounou/motiv/install/mobile_robot_sim/share/mobile_robot_sim/launch/__pycache__/robot_gazebo.launch.cpython-312.pyc
[0.345s] -- Up-to-date: /home/nounou/motiv/install/mobile_robot_sim/share/mobile_robot_sim/launch/robot_gazebo.launch.py
[0.345s] -- Up-to-date: /home/nounou/motiv/install/mobile_robot_sim/share/mobile_robot_sim/config
[0.345s] -- Up-to-date: /home/nounou/motiv/install/mobile_robot_sim/share/mobile_robot_sim/config/ekf_config.yaml
[0.346s] -- Up-to-date: /home/nounou/motiv/install/mobile_robot_sim/share/mobile_robot_sim/config/joint_names_DeliveryRobot_2.0(URDF).yaml
[0.346s] -- Up-to-date: /home/nounou/motiv/install/mobile_robot_sim/share/mobile_robot_sim/config/controllers.yaml
[0.346s] -- Up-to-date: /home/nounou/motiv/install/mobile_robot_sim/share/mobile_robot_sim/world
[0.351s] -- Up-to-date: /home/nounou/motiv/install/mobile_robot_sim/share/mobile_robot_sim/world/my_world.sdf
[0.352s] -- Up-to-date: /home/nounou/motiv/install/mobile_robot_sim/share/mobile_robot_sim/scripts
[0.352s] -- Up-to-date: /home/nounou/motiv/install/mobile_robot_sim/share/mobile_robot_sim/scripts/obstacle_navigator.py
[0.353s] -- Installing: /home/nounou/motiv/install/mobile_robot_sim/share/mobile_robot_sim/scripts/nav_mission.py
[0.353s] -- Up-to-date: /home/nounou/motiv/install/mobile_robot_sim/share/mobile_robot_sim/scripts/test_cmd_vel.py
[0.354s] -- Up-to-date: /home/nounou/motiv/install/mobile_robot_sim/share/mobile_robot_sim/scripts/goal_sender_node.py
[0.355s] -- Up-to-date: /home/nounou/motiv/install/mobile_robot_sim/share/mobile_robot_sim/scripts/test_movements.py
[0.355s] -- Up-to-date: /home/nounou/motiv/install/mobile_robot_sim/share/mobile_robot_sim/scripts/test_lid.py
[0.356s] -- Up-to-date: /home/nounou/motiv/install/mobile_robot_sim/share/mobile_robot_sim/scripts/lid_control_node.py
[0.357s] -- Up-to-date: /home/nounou/motiv/install/mobile_robot_sim/share/mobile_robot_sim/scripts/mecanum_drive_node.py
[0.357s] -- Up-to-date: /home/nounou/motiv/install/mobile_robot_sim/share/mobile_robot_sim/scripts/start_stop_node.py
[0.357s] -- Up-to-date: /home/nounou/motiv/install/mobile_robot_sim/share/mobile_robot_sim/scripts/test_obstacle.py
[0.357s] -- Up-to-date: /home/nounou/motiv/install/mobile_robot_sim/share/mobile_robot_sim/scripts/obstacle_avoidance.py
[0.358s] -- Up-to-date: /home/nounou/motiv/install/mobile_robot_sim/lib/mobile_robot_sim/obstacle_avoidance.py
[0.358s] -- Up-to-date: /home/nounou/motiv/install/mobile_robot_sim/lib/mobile_robot_sim/obstacle_navigator.py
[0.358s] -- Installing: /home/nounou/motiv/install/mobile_robot_sim/lib/mobile_robot_sim/nav_mission.py
[0.358s] -- Up-to-date: /home/nounou/motiv/install/mobile_robot_sim/lib/mobile_robot_sim/mecanum_drive_node.py
[0.359s] -- Up-to-date: /home/nounou/motiv/install/mobile_robot_sim/lib/mobile_robot_sim/goal_sender_node.py
[0.359s] -- Up-to-date: /home/nounou/motiv/install/mobile_robot_sim/lib/mobile_robot_sim/lid_control_node.py
[0.359s] -- Up-to-date: /home/nounou/motiv/install/mobile_robot_sim/lib/mobile_robot_sim/start_stop_node.py
[0.359s] -- Up-to-date: /home/nounou/motiv/install/mobile_robot_sim/lib/mobile_robot_sim/test_cmd_vel.py
[0.360s] -- Up-to-date: /home/nounou/motiv/install/mobile_robot_sim/lib/mobile_robot_sim/test_lid.py
[0.360s] -- Up-to-date: /home/nounou/motiv/install/mobile_robot_sim/lib/mobile_robot_sim/test_obstacle.py
[0.360s] -- Up-to-date: /home/nounou/motiv/install/mobile_robot_sim/lib/mobile_robot_sim/test_movements.py
[0.360s] -- Up-to-date: /home/nounou/motiv/install/mobile_robot_sim/share/ament_index/resource_index/package_run_dependencies/mobile_robot_sim
[0.361s] -- Up-to-date: /home/nounou/motiv/install/mobile_robot_sim/share/ament_index/resource_index/parent_prefix_path/mobile_robot_sim
[0.361s] -- Up-to-date: /home/nounou/motiv/install/mobile_robot_sim/share/mobile_robot_sim/environment/ament_prefix_path.sh
[0.362s] -- Up-to-date: /home/nounou/motiv/install/mobile_robot_sim/share/mobile_robot_sim/environment/ament_prefix_path.dsv
[0.363s] -- Up-to-date: /home/nounou/motiv/install/mobile_robot_sim/share/mobile_robot_sim/environment/path.sh
[0.363s] -- Up-to-date: /home/nounou/motiv/install/mobile_robot_sim/share/mobile_robot_sim/environment/path.dsv
[0.364s] -- Up-to-date: /home/nounou/motiv/install/mobile_robot_sim/share/mobile_robot_sim/local_setup.bash
[0.364s] -- Up-to-date: /home/nounou/motiv/install/mobile_robot_sim/share/mobile_robot_sim/local_setup.sh
[0.366s] -- Up-to-date: /home/nounou/motiv/install/mobile_robot_sim/share/mobile_robot_sim/local_setup.zsh
[0.366s] -- Up-to-date: /home/nounou/motiv/install/mobile_robot_sim/share/mobile_robot_sim/local_setup.dsv
[0.367s] -- Installing: /home/nounou/motiv/install/mobile_robot_sim/share/mobile_robot_sim/package.dsv
[0.367s] -- Up-to-date: /home/nounou/motiv/install/mobile_robot_sim/share/ament_index/resource_index/packages/mobile_robot_sim
[0.368s] -- Up-to-date: /home/nounou/motiv/install/mobile_robot_sim/share/mobile_robot_sim/cmake/mobile_robot_simConfig.cmake
[0.368s] -- Up-to-date: /home/nounou/motiv/install/mobile_robot_sim/share/mobile_robot_sim/cmake/mobile_robot_simConfig-version.cmake
[0.369s] -- Up-to-date: /home/nounou/motiv/install/mobile_robot_sim/share/mobile_robot_sim/package.xml
[0.371s] Invoked command in '/home/nounou/motiv/build/mobile_robot_sim' returned '0': CMAKE_PREFIX_PATH=${CMAKE_PREFIX_PATH}:/opt/ros/jazzy /usr/bin/cmake --install /home/nounou/motiv/build/mobile_robot_sim
