[0.520s] DEBUG:colcon:Command line arguments: ['/usr/bin/colcon', 'build', '--packages-select', 'mobile_robot_sim']
[0.520s] DEBUG:colcon:Parsed command line arguments: Namespace(log_base=None, log_level=None, verb_name='build', build_base='build', install_base='install', merge_install=False, symlink_install=False, test_result_base=None, continue_on_error=False, executor='parallel', parallel_workers=16, event_handlers=None, ignore_user_meta=False, metas=['./colcon.meta'], base_paths=['.'], packages_ignore=None, packages_ignore_regex=None, paths=None, packages_up_to=None, packages_up_to_regex=None, packages_above=None, packages_above_and_dependencies=None, packages_above_depth=None, packages_select_by_dep=None, packages_skip_by_dep=None, packages_skip_up_to=None, packages_select_build_failed=False, packages_skip_build_finished=False, packages_select_test_failures=False, packages_skip_test_passed=False, packages_select=['mobile_robot_sim'], packages_skip=None, packages_select_regex=None, packages_skip_regex=None, packages_start=None, packages_end=None, allow_overriding=[], cmake_args=None, cmake_target=None, cmake_target_skip_unavailable=False, cmake_clean_cache=False, cmake_clean_first=False, cmake_force_configure=False, ament_cmake_args=None, catkin_cmake_args=None, catkin_skip_building_tests=False, mixin_files=None, mixin=None, verb_parser=<colcon_mixin.mixin.mixin_argument.MixinArgumentDecorator object at 0x7472d2f825d0>, verb_extension=<colcon_core.verb.build.BuildVerb object at 0x7472d2f80d70>, main=<bound method BuildVerb.main of <colcon_core.verb.build.BuildVerb object at 0x7472d2f80d70>>, mixin_verb=('build',))
[0.626s] Level 1:colcon.colcon_core.package_discovery:discover_packages(colcon_meta) check parameters
[0.626s] Level 1:colcon.colcon_core.package_discovery:discover_packages(recursive) check parameters
[0.626s] Level 1:colcon.colcon_core.package_discovery:discover_packages(ignore) check parameters
[0.626s] Level 1:colcon.colcon_core.package_discovery:discover_packages(path) check parameters
[0.626s] Level 1:colcon.colcon_core.package_discovery:discover_packages(colcon_meta) discover
[0.626s] Level 1:colcon.colcon_core.package_discovery:discover_packages(recursive) discover
[0.626s] INFO:colcon.colcon_core.package_discovery:Crawling recursively for packages in '/home/nounou/motiv'
[0.627s] Level 1:colcon.colcon_core.package_identification:_identify(.) by extensions ['ignore', 'ignore_ament_install']
[0.627s] Level 1:colcon.colcon_core.package_identification:_identify(.) by extension 'ignore'
[0.627s] Level 1:colcon.colcon_core.package_identification:_identify(.) by extension 'ignore_ament_install'
[0.627s] Level 1:colcon.colcon_core.package_identification:_identify(.) by extensions ['colcon_pkg']
[0.628s] Level 1:colcon.colcon_core.package_identification:_identify(.) by extension 'colcon_pkg'
[0.628s] Level 1:colcon.colcon_core.package_identification:_identify(.) by extensions ['colcon_meta']
[0.628s] Level 1:colcon.colcon_core.package_identification:_identify(.) by extension 'colcon_meta'
[0.628s] Level 1:colcon.colcon_core.package_identification:_identify(.) by extensions ['ros']
[0.628s] Level 1:colcon.colcon_core.package_identification:_identify(.) by extension 'ros'
[0.686s] Level 1:colcon.colcon_core.package_identification:_identify(.) by extensions ['cmake', 'python']
[0.686s] Level 1:colcon.colcon_core.package_identification:_identify(.) by extension 'cmake'
[0.686s] Level 1:colcon.colcon_core.package_identification:_identify(.) by extension 'python'
[0.686s] Level 1:colcon.colcon_core.package_identification:_identify(.) by extensions ['python_setup_py']
[0.686s] Level 1:colcon.colcon_core.package_identification:_identify(.) by extension 'python_setup_py'
[0.687s] Level 1:colcon.colcon_core.package_identification:_identify(build) by extensions ['ignore', 'ignore_ament_install']
[0.687s] Level 1:colcon.colcon_core.package_identification:_identify(build) by extension 'ignore'
[0.687s] Level 1:colcon.colcon_core.package_identification:_identify(build) ignored
[0.687s] Level 1:colcon.colcon_core.package_identification:_identify(install) by extensions ['ignore', 'ignore_ament_install']
[0.687s] Level 1:colcon.colcon_core.package_identification:_identify(install) by extension 'ignore'
[0.687s] Level 1:colcon.colcon_core.package_identification:_identify(install) ignored
[0.687s] Level 1:colcon.colcon_core.package_identification:_identify(log) by extensions ['ignore', 'ignore_ament_install']
[0.688s] Level 1:colcon.colcon_core.package_identification:_identify(log) by extension 'ignore'
[0.688s] Level 1:colcon.colcon_core.package_identification:_identify(log) ignored
[0.688s] Level 1:colcon.colcon_core.package_identification:_identify(src) by extensions ['ignore', 'ignore_ament_install']
[0.688s] Level 1:colcon.colcon_core.package_identification:_identify(src) by extension 'ignore'
[0.688s] Level 1:colcon.colcon_core.package_identification:_identify(src) by extension 'ignore_ament_install'
[0.688s] Level 1:colcon.colcon_core.package_identification:_identify(src) by extensions ['colcon_pkg']
[0.688s] Level 1:colcon.colcon_core.package_identification:_identify(src) by extension 'colcon_pkg'
[0.688s] Level 1:colcon.colcon_core.package_identification:_identify(src) by extensions ['colcon_meta']
[0.688s] Level 1:colcon.colcon_core.package_identification:_identify(src) by extension 'colcon_meta'
[0.688s] Level 1:colcon.colcon_core.package_identification:_identify(src) by extensions ['ros']
[0.688s] Level 1:colcon.colcon_core.package_identification:_identify(src) by extension 'ros'
[0.689s] Level 1:colcon.colcon_core.package_identification:_identify(src) by extensions ['cmake', 'python']
[0.689s] Level 1:colcon.colcon_core.package_identification:_identify(src) by extension 'cmake'
[0.689s] Level 1:colcon.colcon_core.package_identification:_identify(src) by extension 'python'
[0.689s] Level 1:colcon.colcon_core.package_identification:_identify(src) by extensions ['python_setup_py']
[0.689s] Level 1:colcon.colcon_core.package_identification:_identify(src) by extension 'python_setup_py'
[0.689s] Level 1:colcon.colcon_core.package_identification:_identify(src/mobile_robot_sim) by extensions ['ignore', 'ignore_ament_install']
[0.690s] Level 1:colcon.colcon_core.package_identification:_identify(src/mobile_robot_sim) by extension 'ignore'
[0.690s] Level 1:colcon.colcon_core.package_identification:_identify(src/mobile_robot_sim) by extension 'ignore_ament_install'
[0.690s] Level 1:colcon.colcon_core.package_identification:_identify(src/mobile_robot_sim) by extensions ['colcon_pkg']
[0.690s] Level 1:colcon.colcon_core.package_identification:_identify(src/mobile_robot_sim) by extension 'colcon_pkg'
[0.690s] Level 1:colcon.colcon_core.package_identification:_identify(src/mobile_robot_sim) by extensions ['colcon_meta']
[0.690s] Level 1:colcon.colcon_core.package_identification:_identify(src/mobile_robot_sim) by extension 'colcon_meta'
[0.690s] Level 1:colcon.colcon_core.package_identification:_identify(src/mobile_robot_sim) by extensions ['ros']
[0.690s] Level 1:colcon.colcon_core.package_identification:_identify(src/mobile_robot_sim) by extension 'ros'
[0.696s] DEBUG:colcon.colcon_core.package_identification:Package 'src/mobile_robot_sim' with type 'ros.ament_cmake' and name 'mobile_robot_sim'
[0.696s] Level 1:colcon.colcon_core.package_discovery:discover_packages(recursive) using defaults
[0.696s] Level 1:colcon.colcon_core.package_discovery:discover_packages(ignore) discover
[0.696s] Level 1:colcon.colcon_core.package_discovery:discover_packages(ignore) using defaults
[0.696s] Level 1:colcon.colcon_core.package_discovery:discover_packages(path) discover
[0.696s] Level 1:colcon.colcon_core.package_discovery:discover_packages(path) using defaults
[0.738s] Level 1:colcon.colcon_core.package_discovery:discover_packages(prefix_path) check parameters
[0.738s] Level 1:colcon.colcon_core.package_discovery:discover_packages(prefix_path) discover
[0.746s] DEBUG:colcon.colcon_installed_package_information.package_discovery:Found 370 installed packages in /opt/ros/jazzy
[0.750s] Level 1:colcon.colcon_core.package_discovery:discover_packages(prefix_path) using defaults
[0.883s] Level 5:colcon.colcon_core.verb:set package 'mobile_robot_sim' build argument 'cmake_args' from command line to 'None'
[0.883s] Level 5:colcon.colcon_core.verb:set package 'mobile_robot_sim' build argument 'cmake_target' from command line to 'None'
[0.883s] Level 5:colcon.colcon_core.verb:set package 'mobile_robot_sim' build argument 'cmake_target_skip_unavailable' from command line to 'False'
[0.883s] Level 5:colcon.colcon_core.verb:set package 'mobile_robot_sim' build argument 'cmake_clean_cache' from command line to 'False'
[0.883s] Level 5:colcon.colcon_core.verb:set package 'mobile_robot_sim' build argument 'cmake_clean_first' from command line to 'False'
[0.883s] Level 5:colcon.colcon_core.verb:set package 'mobile_robot_sim' build argument 'cmake_force_configure' from command line to 'False'
[0.884s] Level 5:colcon.colcon_core.verb:set package 'mobile_robot_sim' build argument 'ament_cmake_args' from command line to 'None'
[0.884s] Level 5:colcon.colcon_core.verb:set package 'mobile_robot_sim' build argument 'catkin_cmake_args' from command line to 'None'
[0.884s] Level 5:colcon.colcon_core.verb:set package 'mobile_robot_sim' build argument 'catkin_skip_building_tests' from command line to 'False'
[0.884s] DEBUG:colcon.colcon_core.verb:Building package 'mobile_robot_sim' with the following arguments: {'ament_cmake_args': None, 'build_base': '/home/nounou/motiv/build/mobile_robot_sim', 'catkin_cmake_args': None, 'catkin_skip_building_tests': False, 'cmake_args': None, 'cmake_clean_cache': False, 'cmake_clean_first': False, 'cmake_force_configure': False, 'cmake_target': None, 'cmake_target_skip_unavailable': False, 'install_base': '/home/nounou/motiv/install/mobile_robot_sim', 'merge_install': False, 'path': '/home/nounou/motiv/src/mobile_robot_sim', 'symlink_install': False, 'test_result_base': None}
[0.885s] INFO:colcon.colcon_core.executor:Executing jobs using 'parallel' executor
[0.886s] DEBUG:colcon.colcon_parallel_executor.executor.parallel:run_until_complete
[0.887s] INFO:colcon.colcon_ros.task.ament_cmake.build:Building ROS package in '/home/nounou/motiv/src/mobile_robot_sim' with build type 'ament_cmake'
[0.887s] INFO:colcon.colcon_cmake.task.cmake.build:Building CMake package in '/home/nounou/motiv/src/mobile_robot_sim'
[0.893s] INFO:colcon.colcon_core.plugin_system:Skipping extension 'colcon_core.shell.bat': Not used on non-Windows systems
[0.893s] INFO:colcon.colcon_core.shell:Skip shell extension 'powershell' for command environment: Not usable outside of PowerShell
[0.894s] DEBUG:colcon.colcon_core.shell:Skip shell extension 'dsv' for command environment
[0.914s] DEBUG:colcon.colcon_core.event_handler.log_command:Invoking command in '/home/nounou/motiv/build/mobile_robot_sim': CMAKE_PREFIX_PATH=${CMAKE_PREFIX_PATH}:/opt/ros/jazzy /usr/bin/cmake --build /home/nounou/motiv/build/mobile_robot_sim -- -j16 -l16
[1.084s] DEBUG:colcon.colcon_core.event_handler.log_command:Invoked command in '/home/nounou/motiv/build/mobile_robot_sim' returned '0': CMAKE_PREFIX_PATH=${CMAKE_PREFIX_PATH}:/opt/ros/jazzy /usr/bin/cmake --build /home/nounou/motiv/build/mobile_robot_sim -- -j16 -l16
[1.115s] DEBUG:colcon.colcon_core.event_handler.log_command:Invoking command in '/home/nounou/motiv/build/mobile_robot_sim': CMAKE_PREFIX_PATH=${CMAKE_PREFIX_PATH}:/opt/ros/jazzy /usr/bin/cmake --install /home/nounou/motiv/build/mobile_robot_sim
[1.155s] Level 1:colcon.colcon_core.environment:create_environment_scripts_only(mobile_robot_sim)
[1.166s] DEBUG:colcon.colcon_core.event_handler.log_command:Invoked command in '/home/nounou/motiv/build/mobile_robot_sim' returned '0': CMAKE_PREFIX_PATH=${CMAKE_PREFIX_PATH}:/opt/ros/jazzy /usr/bin/cmake --install /home/nounou/motiv/build/mobile_robot_sim
[1.170s] Level 1:colcon.colcon_core.environment:checking '/home/nounou/motiv/install/mobile_robot_sim' for CMake module files
[1.171s] Level 1:colcon.colcon_core.environment:checking '/home/nounou/motiv/install/mobile_robot_sim' for CMake config files
[1.172s] Level 1:colcon.colcon_core.shell:create_environment_hook('mobile_robot_sim', 'cmake_prefix_path')
[1.173s] INFO:colcon.colcon_core.shell:Creating environment hook '/home/nounou/motiv/install/mobile_robot_sim/share/mobile_robot_sim/hook/cmake_prefix_path.ps1'
[1.174s] INFO:colcon.colcon_core.shell:Creating environment descriptor '/home/nounou/motiv/install/mobile_robot_sim/share/mobile_robot_sim/hook/cmake_prefix_path.dsv'
[1.175s] INFO:colcon.colcon_core.shell:Creating environment hook '/home/nounou/motiv/install/mobile_robot_sim/share/mobile_robot_sim/hook/cmake_prefix_path.sh'
[1.177s] Level 1:colcon.colcon_core.environment:checking '/home/nounou/motiv/install/mobile_robot_sim/lib'
[1.177s] Level 1:colcon.colcon_core.environment:checking '/home/nounou/motiv/install/mobile_robot_sim/bin'
[1.178s] Level 1:colcon.colcon_core.environment:checking '/home/nounou/motiv/install/mobile_robot_sim/lib/pkgconfig/mobile_robot_sim.pc'
[1.178s] Level 1:colcon.colcon_core.environment:checking '/home/nounou/motiv/install/mobile_robot_sim/lib/python3.12/site-packages'
[1.179s] Level 1:colcon.colcon_core.environment:checking '/home/nounou/motiv/install/mobile_robot_sim/bin'
[1.179s] INFO:colcon.colcon_core.shell:Creating package script '/home/nounou/motiv/install/mobile_robot_sim/share/mobile_robot_sim/package.ps1'
[1.181s] INFO:colcon.colcon_core.shell:Creating package descriptor '/home/nounou/motiv/install/mobile_robot_sim/share/mobile_robot_sim/package.dsv'
[1.182s] INFO:colcon.colcon_core.shell:Creating package script '/home/nounou/motiv/install/mobile_robot_sim/share/mobile_robot_sim/package.sh'
[1.183s] INFO:colcon.colcon_core.shell:Creating package script '/home/nounou/motiv/install/mobile_robot_sim/share/mobile_robot_sim/package.bash'
[1.184s] INFO:colcon.colcon_core.shell:Creating package script '/home/nounou/motiv/install/mobile_robot_sim/share/mobile_robot_sim/package.zsh'
[1.185s] Level 1:colcon.colcon_core.environment:create_file_with_runtime_dependencies(/home/nounou/motiv/install/mobile_robot_sim/share/colcon-core/packages/mobile_robot_sim)
[1.186s] Level 1:colcon.colcon_core.environment:create_environment_scripts_only(mobile_robot_sim)
[1.188s] Level 1:colcon.colcon_core.environment:checking '/home/nounou/motiv/install/mobile_robot_sim' for CMake module files
[1.189s] Level 1:colcon.colcon_core.environment:checking '/home/nounou/motiv/install/mobile_robot_sim' for CMake config files
[1.191s] Level 1:colcon.colcon_core.shell:create_environment_hook('mobile_robot_sim', 'cmake_prefix_path')
[1.191s] INFO:colcon.colcon_core.shell:Creating environment hook '/home/nounou/motiv/install/mobile_robot_sim/share/mobile_robot_sim/hook/cmake_prefix_path.ps1'
[1.192s] INFO:colcon.colcon_core.shell:Creating environment descriptor '/home/nounou/motiv/install/mobile_robot_sim/share/mobile_robot_sim/hook/cmake_prefix_path.dsv'
[1.193s] INFO:colcon.colcon_core.shell:Creating environment hook '/home/nounou/motiv/install/mobile_robot_sim/share/mobile_robot_sim/hook/cmake_prefix_path.sh'
[1.193s] Level 1:colcon.colcon_core.environment:checking '/home/nounou/motiv/install/mobile_robot_sim/lib'
[1.194s] Level 1:colcon.colcon_core.environment:checking '/home/nounou/motiv/install/mobile_robot_sim/bin'
[1.194s] Level 1:colcon.colcon_core.environment:checking '/home/nounou/motiv/install/mobile_robot_sim/lib/pkgconfig/mobile_robot_sim.pc'
[1.194s] Level 1:colcon.colcon_core.environment:checking '/home/nounou/motiv/install/mobile_robot_sim/lib/python3.12/site-packages'
[1.195s] Level 1:colcon.colcon_core.environment:checking '/home/nounou/motiv/install/mobile_robot_sim/bin'
[1.195s] INFO:colcon.colcon_core.shell:Creating package script '/home/nounou/motiv/install/mobile_robot_sim/share/mobile_robot_sim/package.ps1'
[1.196s] INFO:colcon.colcon_core.shell:Creating package descriptor '/home/nounou/motiv/install/mobile_robot_sim/share/mobile_robot_sim/package.dsv'
[1.197s] INFO:colcon.colcon_core.shell:Creating package script '/home/nounou/motiv/install/mobile_robot_sim/share/mobile_robot_sim/package.sh'
[1.197s] INFO:colcon.colcon_core.shell:Creating package script '/home/nounou/motiv/install/mobile_robot_sim/share/mobile_robot_sim/package.bash'
[1.198s] INFO:colcon.colcon_core.shell:Creating package script '/home/nounou/motiv/install/mobile_robot_sim/share/mobile_robot_sim/package.zsh'
[1.200s] Level 1:colcon.colcon_core.environment:create_file_with_runtime_dependencies(/home/nounou/motiv/install/mobile_robot_sim/share/colcon-core/packages/mobile_robot_sim)
[1.200s] DEBUG:colcon.colcon_parallel_executor.executor.parallel:closing loop
[1.202s] DEBUG:colcon.colcon_parallel_executor.executor.parallel:loop closed
[1.202s] DEBUG:colcon.colcon_parallel_executor.executor.parallel:run_until_complete finished with '0'
[1.202s] DEBUG:colcon.colcon_core.event_reactor:joining thread
[1.359s] INFO:colcon.colcon_core.plugin_system:Skipping extension 'colcon_notification.desktop_notification.notify_send': Could not find 'notify-send'
[1.360s] INFO:colcon.colcon_core.plugin_system:Skipping extension 'colcon_notification.desktop_notification.terminal_notifier': Not used on non-Darwin systems
[1.360s] INFO:colcon.colcon_core.plugin_system:Skipping extension 'colcon_notification.desktop_notification.win32': Not used on non-Windows systems
[1.360s] INFO:colcon.colcon_notification.desktop_notification:Sending desktop notification using 'notify2'
[1.363s] DEBUG:colcon.colcon_notification.desktop_notification.notify2:Failed to initialize notify2: org.freedesktop.DBus.Error.ServiceUnknown: The name org.freedesktop.Notifications was not provided by any .service files
[1.364s] DEBUG:colcon.colcon_core.event_reactor:joined thread
[1.365s] INFO:colcon.colcon_core.shell:Creating prefix script '/home/nounou/motiv/install/local_setup.ps1'
[1.366s] INFO:colcon.colcon_core.shell:Creating prefix util module '/home/nounou/motiv/install/_local_setup_util_ps1.py'
[1.368s] INFO:colcon.colcon_core.shell:Creating prefix chain script '/home/nounou/motiv/install/setup.ps1'
[1.371s] INFO:colcon.colcon_core.shell:Creating prefix script '/home/nounou/motiv/install/local_setup.sh'
[1.372s] INFO:colcon.colcon_core.shell:Creating prefix util module '/home/nounou/motiv/install/_local_setup_util_sh.py'
[1.373s] INFO:colcon.colcon_core.shell:Creating prefix chain script '/home/nounou/motiv/install/setup.sh'
[1.375s] INFO:colcon.colcon_core.shell:Creating prefix script '/home/nounou/motiv/install/local_setup.bash'
[1.375s] INFO:colcon.colcon_core.shell:Creating prefix chain script '/home/nounou/motiv/install/setup.bash'
[1.376s] INFO:colcon.colcon_core.shell:Creating prefix script '/home/nounou/motiv/install/local_setup.zsh'
[1.377s] INFO:colcon.colcon_core.shell:Creating prefix chain script '/home/nounou/motiv/install/setup.zsh'
